2024-12-03 17:28:48.992 +02:00 [WRN] The entity type 'Adress' is an optional dependent using table sharing without any required non shared property that could be used to identify whether the entity exists. If all nullable properties contain a null value in database then an object instance won't be created in the query. Add a required property to create instances with null values for other properties or mark the incoming navigation as required to always create an instance.
2024-12-03 17:28:49.817 +02:00 [INF] Executed DbCommand (20ms) [Parameters=[], CommandType='"Text"', CommandTimeout='30']
SELECT EXISTS (
    SELECT 1
    FROM "Restaurants" AS r)
2024-12-03 17:28:49.870 +02:00 [INF] Executed DbCommand (4ms) [Parameters=[], CommandType='"Text"', CommandTimeout='30']
SELECT EXISTS (
    SELECT 1
    FROM "AspNetUserRoles" AS a)
2024-12-03 17:28:52.336 +02:00 [INF] HTTP GET /swagger/index.html responded 200 in 63.8765 ms
2024-12-03 17:28:52.370 +02:00 [INF] HTTP GET /swagger/index.js responded 200 in 15.0774 ms
2024-12-03 17:28:52.378 +02:00 [INF] HTTP GET /swagger/swagger-ui.css responded 304 in 24.6493 ms
2024-12-03 17:28:52.378 +02:00 [INF] HTTP GET /swagger/swagger-ui-standalone-preset.js responded 304 in 24.4273 ms
2024-12-03 17:28:52.378 +02:00 [INF] HTTP GET /swagger/index.css responded 304 in 24.3304 ms
2024-12-03 17:28:52.378 +02:00 [INF] HTTP GET /swagger/swagger-ui-bundle.js responded 304 in 24.6467 ms
2024-12-03 17:28:52.702 +02:00 [INF] HTTP GET /swagger/v1/swagger.json responded 200 in 136.8044 ms
2024-12-03 17:29:22.144 +02:00 [ERR] Failed to read parameter "LoginRequest login" from the request body as JSON.
Microsoft.AspNetCore.Http.BadHttpRequestException: Failed to read parameter "LoginRequest login" from the request body as JSON.
 ---> System.Text.Json.JsonException: '0x0A' is invalid within a JSON string. The string should be correctly escaped. Path: $.password | LineNumber: 2 | BytePositionInLine: 24.
 ---> System.Text.Json.JsonReaderException: '0x0A' is invalid within a JSON string. The string should be correctly escaped. LineNumber: 2 | BytePositionInLine: 24.
   at System.Text.Json.ThrowHelper.ThrowJsonReaderException(Utf8JsonReader& json, ExceptionResource resource, Byte nextByte, ReadOnlySpan`1 bytes)
   at System.Text.Json.Utf8JsonReader.ConsumeStringAndValidate(ReadOnlySpan`1 data, Int32 idx)
   at System.Text.Json.Utf8JsonReader.ConsumeString()
   at System.Text.Json.Utf8JsonReader.ConsumeValue(Byte marker)
   at System.Text.Json.Utf8JsonReader.ReadSingleSegment()
   at System.Text.Json.Utf8JsonReader.Read()
   at System.Text.Json.Serialization.Converters.ObjectWithParameterizedConstructorConverter`1.ReadConstructorArgumentsWithContinuation(ReadStack& state, Utf8JsonReader& reader, JsonSerializerOptions options)
   at System.Text.Json.Serialization.Converters.ObjectWithParameterizedConstructorConverter`1.OnTryRead(Utf8JsonReader& reader, Type typeToConvert, JsonSerializerOptions options, ReadStack& state, T& value)
   at System.Text.Json.Serialization.JsonConverter`1.TryRead(Utf8JsonReader& reader, Type typeToConvert, JsonSerializerOptions options, ReadStack& state, T& value, Boolean& isPopulatedValue)
   at System.Text.Json.Serialization.JsonConverter`1.ReadCore(Utf8JsonReader& reader, JsonSerializerOptions options, ReadStack& state)
   --- End of inner exception stack trace ---
   at System.Text.Json.ThrowHelper.ReThrowWithPath(ReadStack& state, JsonReaderException ex)
   at System.Text.Json.Serialization.JsonConverter`1.ReadCore(Utf8JsonReader& reader, JsonSerializerOptions options, ReadStack& state)
   at System.Text.Json.Serialization.Metadata.JsonTypeInfo`1.ContinueDeserialize(ReadBufferState& bufferState, JsonReaderState& jsonReaderState, ReadStack& readStack)
   at System.Text.Json.Serialization.Metadata.JsonTypeInfo`1.DeserializeAsync(Stream utf8Json, CancellationToken cancellationToken)
   at Microsoft.AspNetCore.Http.HttpRequestJsonExtensions.ReadFromJsonAsync[TValue](HttpRequest request, JsonTypeInfo`1 jsonTypeInfo, CancellationToken cancellationToken)
   at Microsoft.AspNetCore.Http.HttpRequestJsonExtensions.ReadFromJsonAsync[TValue](HttpRequest request, JsonTypeInfo`1 jsonTypeInfo, CancellationToken cancellationToken)
   at Microsoft.AspNetCore.Http.Generated.<GeneratedRouteBuilderExtensions_g>F69328E0708B4B584C5AACA22FE2C51A1CF192D6622828F613FC57C583CA77B63__GeneratedRouteBuilderExtensionsCore.TryResolveBodyAsync[T](HttpContext httpContext, <GeneratedRouteBuilderExtensions_g>F69328E0708B4B584C5AACA22FE2C51A1CF192D6622828F613FC57C583CA77B63__LogOrThrowExceptionHelper logOrThrowExceptionHelper, Boolean allowEmpty, String parameterTypeName, String parameterName, JsonTypeInfo`1 jsonTypeInfo, Boolean isInferred)
   --- End of inner exception stack trace ---
   at Microsoft.AspNetCore.Http.Generated.<GeneratedRouteBuilderExtensions_g>F69328E0708B4B584C5AACA22FE2C51A1CF192D6622828F613FC57C583CA77B63__LogOrThrowExceptionHelper.InvalidJsonRequestBody(String parameterTypeName, String parameterName, Exception exception)
   at Microsoft.AspNetCore.Http.Generated.<GeneratedRouteBuilderExtensions_g>F69328E0708B4B584C5AACA22FE2C51A1CF192D6622828F613FC57C583CA77B63__GeneratedRouteBuilderExtensionsCore.TryResolveBodyAsync[T](HttpContext httpContext, <GeneratedRouteBuilderExtensions_g>F69328E0708B4B584C5AACA22FE2C51A1CF192D6622828F613FC57C583CA77B63__LogOrThrowExceptionHelper logOrThrowExceptionHelper, Boolean allowEmpty, String parameterTypeName, String parameterName, JsonTypeInfo`1 jsonTypeInfo, Boolean isInferred)
   at Microsoft.AspNetCore.Http.Generated.<GeneratedRouteBuilderExtensions_g>F69328E0708B4B584C5AACA22FE2C51A1CF192D6622828F613FC57C583CA77B63__GeneratedRouteBuilderExtensionsCore.<>c__DisplayClass4_0.<<MapPost1>g__RequestHandler|4>d.MoveNext()
--- End of stack trace from previous location ---
   at Microsoft.AspNetCore.Authorization.AuthorizationMiddleware.Invoke(HttpContext context)
   at Microsoft.AspNetCore.Authentication.AuthenticationMiddleware.Invoke(HttpContext context)
   at Restaurants.API.Middlewares.RequestTimeHandlingMiddle.InvokeAsync(HttpContext context, RequestDelegate next) in D:\C#\.net\NeverGiveUp\Restaurant\Restaurants.API\Middlewares\RequestTimeHandlingMiddle.cs:line 10
   at Microsoft.AspNetCore.Builder.UseMiddlewareExtensions.InterfaceMiddlewareBinder.<>c__DisplayClass2_0.<<CreateMiddleware>b__0>d.MoveNext()
--- End of stack trace from previous location ---
   at Restaurants.API.Middlewares.ErrorHandlingMiddle.InvokeAsync(HttpContext context, RequestDelegate next) in D:\C#\.net\NeverGiveUp\Restaurant\Restaurants.API\Middlewares\ErrorHandlingMiddle.cs:line 11
2024-12-03 17:29:22.238 +02:00 [ERR] HTTP POST /api/identity/login responded 500 in 292.3373 ms
2024-12-03 17:29:37.346 +02:00 [ERR] Failed to read parameter "LoginRequest login" from the request body as JSON.
Microsoft.AspNetCore.Http.BadHttpRequestException: Failed to read parameter "LoginRequest login" from the request body as JSON.
 ---> System.Text.Json.JsonException: '0x0A' is invalid within a JSON string. The string should be correctly escaped. Path: $.password | LineNumber: 2 | BytePositionInLine: 24.
 ---> System.Text.Json.JsonReaderException: '0x0A' is invalid within a JSON string. The string should be correctly escaped. LineNumber: 2 | BytePositionInLine: 24.
   at System.Text.Json.ThrowHelper.ThrowJsonReaderException(Utf8JsonReader& json, ExceptionResource resource, Byte nextByte, ReadOnlySpan`1 bytes)
   at System.Text.Json.Utf8JsonReader.ConsumeStringAndValidate(ReadOnlySpan`1 data, Int32 idx)
   at System.Text.Json.Utf8JsonReader.ConsumeString()
   at System.Text.Json.Utf8JsonReader.ConsumeValue(Byte marker)
   at System.Text.Json.Utf8JsonReader.ReadSingleSegment()
   at System.Text.Json.Utf8JsonReader.Read()
   at System.Text.Json.Serialization.Converters.ObjectWithParameterizedConstructorConverter`1.ReadConstructorArgumentsWithContinuation(ReadStack& state, Utf8JsonReader& reader, JsonSerializerOptions options)
   at System.Text.Json.Serialization.Converters.ObjectWithParameterizedConstructorConverter`1.OnTryRead(Utf8JsonReader& reader, Type typeToConvert, JsonSerializerOptions options, ReadStack& state, T& value)
   at System.Text.Json.Serialization.JsonConverter`1.TryRead(Utf8JsonReader& reader, Type typeToConvert, JsonSerializerOptions options, ReadStack& state, T& value, Boolean& isPopulatedValue)
   at System.Text.Json.Serialization.JsonConverter`1.ReadCore(Utf8JsonReader& reader, JsonSerializerOptions options, ReadStack& state)
   --- End of inner exception stack trace ---
   at System.Text.Json.ThrowHelper.ReThrowWithPath(ReadStack& state, JsonReaderException ex)
   at System.Text.Json.Serialization.JsonConverter`1.ReadCore(Utf8JsonReader& reader, JsonSerializerOptions options, ReadStack& state)
   at System.Text.Json.Serialization.Metadata.JsonTypeInfo`1.ContinueDeserialize(ReadBufferState& bufferState, JsonReaderState& jsonReaderState, ReadStack& readStack)
   at System.Text.Json.Serialization.Metadata.JsonTypeInfo`1.DeserializeAsync(Stream utf8Json, CancellationToken cancellationToken)
   at Microsoft.AspNetCore.Http.HttpRequestJsonExtensions.ReadFromJsonAsync[TValue](HttpRequest request, JsonTypeInfo`1 jsonTypeInfo, CancellationToken cancellationToken)
   at Microsoft.AspNetCore.Http.HttpRequestJsonExtensions.ReadFromJsonAsync[TValue](HttpRequest request, JsonTypeInfo`1 jsonTypeInfo, CancellationToken cancellationToken)
   at Microsoft.AspNetCore.Http.Generated.<GeneratedRouteBuilderExtensions_g>F69328E0708B4B584C5AACA22FE2C51A1CF192D6622828F613FC57C583CA77B63__GeneratedRouteBuilderExtensionsCore.TryResolveBodyAsync[T](HttpContext httpContext, <GeneratedRouteBuilderExtensions_g>F69328E0708B4B584C5AACA22FE2C51A1CF192D6622828F613FC57C583CA77B63__LogOrThrowExceptionHelper logOrThrowExceptionHelper, Boolean allowEmpty, String parameterTypeName, String parameterName, JsonTypeInfo`1 jsonTypeInfo, Boolean isInferred)
   --- End of inner exception stack trace ---
   at Microsoft.AspNetCore.Http.Generated.<GeneratedRouteBuilderExtensions_g>F69328E0708B4B584C5AACA22FE2C51A1CF192D6622828F613FC57C583CA77B63__LogOrThrowExceptionHelper.InvalidJsonRequestBody(String parameterTypeName, String parameterName, Exception exception)
   at Microsoft.AspNetCore.Http.Generated.<GeneratedRouteBuilderExtensions_g>F69328E0708B4B584C5AACA22FE2C51A1CF192D6622828F613FC57C583CA77B63__GeneratedRouteBuilderExtensionsCore.TryResolveBodyAsync[T](HttpContext httpContext, <GeneratedRouteBuilderExtensions_g>F69328E0708B4B584C5AACA22FE2C51A1CF192D6622828F613FC57C583CA77B63__LogOrThrowExceptionHelper logOrThrowExceptionHelper, Boolean allowEmpty, String parameterTypeName, String parameterName, JsonTypeInfo`1 jsonTypeInfo, Boolean isInferred)
   at Microsoft.AspNetCore.Http.Generated.<GeneratedRouteBuilderExtensions_g>F69328E0708B4B584C5AACA22FE2C51A1CF192D6622828F613FC57C583CA77B63__GeneratedRouteBuilderExtensionsCore.<>c__DisplayClass4_0.<<MapPost1>g__RequestHandler|4>d.MoveNext()
--- End of stack trace from previous location ---
   at Microsoft.AspNetCore.Authorization.AuthorizationMiddleware.Invoke(HttpContext context)
   at Microsoft.AspNetCore.Authentication.AuthenticationMiddleware.Invoke(HttpContext context)
   at Restaurants.API.Middlewares.RequestTimeHandlingMiddle.InvokeAsync(HttpContext context, RequestDelegate next) in D:\C#\.net\NeverGiveUp\Restaurant\Restaurants.API\Middlewares\RequestTimeHandlingMiddle.cs:line 10
   at Microsoft.AspNetCore.Builder.UseMiddlewareExtensions.InterfaceMiddlewareBinder.<>c__DisplayClass2_0.<<CreateMiddleware>b__0>d.MoveNext()
--- End of stack trace from previous location ---
   at Restaurants.API.Middlewares.ErrorHandlingMiddle.InvokeAsync(HttpContext context, RequestDelegate next) in D:\C#\.net\NeverGiveUp\Restaurant\Restaurants.API\Middlewares\ErrorHandlingMiddle.cs:line 11
2024-12-03 17:29:37.373 +02:00 [ERR] HTTP POST /api/identity/login responded 500 in 109.5667 ms
2024-12-03 17:29:54.360 +02:00 [INF] Executed DbCommand (31ms) [Parameters=[@__normalizedUserName_0='?'], CommandType='"Text"', CommandTimeout='30']
SELECT a."Id", a."AccessFailedCount", a."BirthDay", a."ConcurrencyStamp", a."Email", a."EmailConfirmed", a."LockoutEnabled", a."LockoutEnd", a."Nationality", a."NormalizedEmail", a."NormalizedUserName", a."PasswordHash", a."PhoneNumber", a."PhoneNumberConfirmed", a."SecurityStamp", a."TwoFactorEnabled", a."UserName"
FROM "AspNetUsers" AS a
WHERE a."NormalizedUserName" = @__normalizedUserName_0
LIMIT 1
2024-12-03 17:29:54.861 +02:00 [INF] Executed DbCommand (6ms) [Parameters=[@__user_Id_0='?'], CommandType='"Text"', CommandTimeout='30']
SELECT a."Id", a."ClaimType", a."ClaimValue", a."UserId"
FROM "AspNetUserClaims" AS a
WHERE a."UserId" = @__user_Id_0
2024-12-03 17:29:54.912 +02:00 [INF] Executed DbCommand (7ms) [Parameters=[@__userId_0='?'], CommandType='"Text"', CommandTimeout='30']
SELECT a0."Name"
FROM "AspNetUserRoles" AS a
INNER JOIN "AspNetRoles" AS a0 ON a."RoleId" = a0."Id"
WHERE a."UserId" = @__userId_0
2024-12-03 17:29:54.937 +02:00 [INF] Executed DbCommand (3ms) [Parameters=[@__normalizedName_0='?'], CommandType='"Text"', CommandTimeout='30']
SELECT a."Id", a."ConcurrencyStamp", a."Name", a."NormalizedName"
FROM "AspNetRoles" AS a
WHERE a."NormalizedName" = @__normalizedName_0
LIMIT 1
2024-12-03 17:29:54.970 +02:00 [INF] Executed DbCommand (5ms) [Parameters=[@__role_Id_0='?'], CommandType='"Text"', CommandTimeout='30']
SELECT a."ClaimType", a."ClaimValue"
FROM "AspNetRoleClaims" AS a
WHERE a."RoleId" = @__role_Id_0
2024-12-03 17:29:54.998 +02:00 [INF] HTTP POST /api/identity/login responded 200 in 895.2206 ms
2024-12-03 17:31:02.688 +02:00 [ERR] Object reference not set to an instance of an object.
System.NullReferenceException: Object reference not set to an instance of an object.
   at Restaurants.Infrastructures.Authorize.Requirenents.MinimalAgeRequirementHandler.HandleRequirementAsync(AuthorizationHandlerContext context, MinimalAgeRequirement requirement) in D:\C#\.net\NeverGiveUp\Restaurant\Restaurants.Infrastructures\Authorize\Requirenents\MinimalAgeRequirementHandler.cs:line 14
   at Microsoft.AspNetCore.Authorization.AuthorizationHandler`1.HandleAsync(AuthorizationHandlerContext context)
   at Microsoft.AspNetCore.Authorization.DefaultAuthorizationService.AuthorizeAsync(ClaimsPrincipal user, Object resource, IEnumerable`1 requirements)
   at Microsoft.AspNetCore.Authorization.Policy.PolicyEvaluator.AuthorizeAsync(AuthorizationPolicy policy, AuthenticateResult authenticationResult, HttpContext context, Object resource)
   at Microsoft.AspNetCore.Authorization.AuthorizationMiddleware.Invoke(HttpContext context)
   at Microsoft.AspNetCore.Authentication.AuthenticationMiddleware.Invoke(HttpContext context)
   at Restaurants.API.Middlewares.RequestTimeHandlingMiddle.InvokeAsync(HttpContext context, RequestDelegate next) in D:\C#\.net\NeverGiveUp\Restaurant\Restaurants.API\Middlewares\RequestTimeHandlingMiddle.cs:line 10
   at Microsoft.AspNetCore.Builder.UseMiddlewareExtensions.InterfaceMiddlewareBinder.<>c__DisplayClass2_0.<<CreateMiddleware>b__0>d.MoveNext()
--- End of stack trace from previous location ---
   at Restaurants.API.Middlewares.ErrorHandlingMiddle.InvokeAsync(HttpContext context, RequestDelegate next) in D:\C#\.net\NeverGiveUp\Restaurant\Restaurants.API\Middlewares\ErrorHandlingMiddle.cs:line 11
2024-12-03 17:31:07.058 +02:00 [ERR] HTTP GET /api/Restaurant/1 responded 500 in 50816.2558 ms
2024-12-03 17:31:20.331 +02:00 [WRN] Birthday is nill
2024-12-03 17:31:20.337 +02:00 [INF] HTTP GET /api/Restaurant/1 responded 403 in 17.3332 ms
2024-12-03 17:33:24.990 +02:00 [WRN] The entity type 'Adress' is an optional dependent using table sharing without any required non shared property that could be used to identify whether the entity exists. If all nullable properties contain a null value in database then an object instance won't be created in the query. Add a required property to create instances with null values for other properties or mark the incoming navigation as required to always create an instance.
2024-12-03 17:33:25.976 +02:00 [INF] Executed DbCommand (23ms) [Parameters=[], CommandType='"Text"', CommandTimeout='30']
SELECT EXISTS (
    SELECT 1
    FROM "Restaurants" AS r)
2024-12-03 17:33:26.044 +02:00 [INF] Executed DbCommand (5ms) [Parameters=[], CommandType='"Text"', CommandTimeout='30']
SELECT EXISTS (
    SELECT 1
    FROM "AspNetUserRoles" AS a)
2024-12-03 17:33:28.046 +02:00 [INF] HTTP GET /swagger/index.html responded 200 in 108.9253 ms
2024-12-03 17:33:28.064 +02:00 [INF] HTTP GET /swagger/index.js responded 200 in 3.4486 ms
2024-12-03 17:33:28.590 +02:00 [INF] HTTP GET /swagger/v1/swagger.json responded 200 in 186.0857 ms
2024-12-03 17:33:49.917 +02:00 [INF] Executed DbCommand (42ms) [Parameters=[@__normalizedUserName_0='?'], CommandType='"Text"', CommandTimeout='30']
SELECT a."Id", a."AccessFailedCount", a."BirthDay", a."ConcurrencyStamp", a."Email", a."EmailConfirmed", a."LockoutEnabled", a."LockoutEnd", a."Nationality", a."NormalizedEmail", a."NormalizedUserName", a."PasswordHash", a."PhoneNumber", a."PhoneNumberConfirmed", a."SecurityStamp", a."TwoFactorEnabled", a."UserName"
FROM "AspNetUsers" AS a
WHERE a."NormalizedUserName" = @__normalizedUserName_0
LIMIT 1
2024-12-03 17:33:50.297 +02:00 [INF] Executed DbCommand (5ms) [Parameters=[@__user_Id_0='?'], CommandType='"Text"', CommandTimeout='30']
SELECT a."Id", a."ClaimType", a."ClaimValue", a."UserId"
FROM "AspNetUserClaims" AS a
WHERE a."UserId" = @__user_Id_0
2024-12-03 17:33:50.362 +02:00 [INF] Executed DbCommand (6ms) [Parameters=[@__userId_0='?'], CommandType='"Text"', CommandTimeout='30']
SELECT a0."Name"
FROM "AspNetUserRoles" AS a
INNER JOIN "AspNetRoles" AS a0 ON a."RoleId" = a0."Id"
WHERE a."UserId" = @__userId_0
2024-12-03 17:33:50.380 +02:00 [INF] Executed DbCommand (1ms) [Parameters=[@__normalizedName_0='?'], CommandType='"Text"', CommandTimeout='30']
SELECT a."Id", a."ConcurrencyStamp", a."Name", a."NormalizedName"
FROM "AspNetRoles" AS a
WHERE a."NormalizedName" = @__normalizedName_0
LIMIT 1
2024-12-03 17:33:50.414 +02:00 [INF] Executed DbCommand (4ms) [Parameters=[@__role_Id_0='?'], CommandType='"Text"', CommandTimeout='30']
SELECT a."ClaimType", a."ClaimValue"
FROM "AspNetRoleClaims" AS a
WHERE a."RoleId" = @__role_Id_0
2024-12-03 17:33:50.445 +02:00 [INF] HTTP POST /api/identity/login responded 200 in 829.9982 ms
2024-12-03 17:34:19.997 +02:00 [WRN] User is null
2024-12-03 17:34:24.182 +02:00 [INF] Request [GET] at /api/Restaurant/1 took 19 ms
2024-12-03 17:34:28.854 +02:00 [INF] HTTP GET /api/Restaurant/1 responded 401 in 24932.6284 ms
2024-12-03 17:35:56.194 +02:00 [WRN] Birthday is null
2024-12-03 17:36:13.200 +02:00 [INF] Request [GET] at /api/Restaurant/1 took 72 ms
2024-12-03 17:36:13.216 +02:00 [INF] HTTP GET /api/Restaurant/1 responded 403 in 87803.7698 ms
2024-12-03 17:36:40.867 +02:00 [INF] Update user: 30638f2e-2ef9-4a9d-9370-5b32208171af, with {"BirthDay":"2002-12-03T15:36:25.7000000Z","Nationality":"ukrainian","$type":"UpdateUserDetailsCommand"}
2024-12-03 17:36:40.973 +02:00 [INF] Executed DbCommand (2ms) [Parameters=[@__p_0='?'], CommandType='"Text"', CommandTimeout='30']
SELECT a."Id", a."AccessFailedCount", a."BirthDay", a."ConcurrencyStamp", a."Email", a."EmailConfirmed", a."LockoutEnabled", a."LockoutEnd", a."Nationality", a."NormalizedEmail", a."NormalizedUserName", a."PasswordHash", a."PhoneNumber", a."PhoneNumberConfirmed", a."SecurityStamp", a."TwoFactorEnabled", a."UserName"
FROM "AspNetUsers" AS a
WHERE a."Id" = @__p_0
LIMIT 1
2024-12-03 17:36:41.144 +02:00 [INF] Executed DbCommand (21ms) [Parameters=[@p16='?', @p0='?' (DbType = Int32), @p1='?' (DbType = DateTime), @p2='?', @p17='?', @p3='?', @p4='?' (DbType = Boolean), @p5='?' (DbType = Boolean), @p6='?' (DbType = DateTime), @p7='?', @p8='?', @p9='?', @p10='?', @p11='?', @p12='?' (DbType = Boolean), @p13='?', @p14='?' (DbType = Boolean), @p15='?'], CommandType='"Text"', CommandTimeout='30']
UPDATE "AspNetUsers" SET "AccessFailedCount" = @p0, "BirthDay" = @p1, "ConcurrencyStamp" = @p2, "Email" = @p3, "EmailConfirmed" = @p4, "LockoutEnabled" = @p5, "LockoutEnd" = @p6, "Nationality" = @p7, "NormalizedEmail" = @p8, "NormalizedUserName" = @p9, "PasswordHash" = @p10, "PhoneNumber" = @p11, "PhoneNumberConfirmed" = @p12, "SecurityStamp" = @p13, "TwoFactorEnabled" = @p14, "UserName" = @p15
WHERE "Id" = @p16 AND "ConcurrencyStamp" = @p17;
2024-12-03 17:36:41.172 +02:00 [INF] HTTP PATCH /api/identity/user responded 204 in 444.3538 ms
2024-12-03 17:39:14.986 +02:00 [WRN] The entity type 'Adress' is an optional dependent using table sharing without any required non shared property that could be used to identify whether the entity exists. If all nullable properties contain a null value in database then an object instance won't be created in the query. Add a required property to create instances with null values for other properties or mark the incoming navigation as required to always create an instance.
2024-12-03 17:39:15.872 +02:00 [INF] Executed DbCommand (26ms) [Parameters=[], CommandType='"Text"', CommandTimeout='30']
SELECT EXISTS (
    SELECT 1
    FROM "Restaurants" AS r)
2024-12-03 17:39:15.940 +02:00 [INF] Executed DbCommand (5ms) [Parameters=[], CommandType='"Text"', CommandTimeout='30']
SELECT EXISTS (
    SELECT 1
    FROM "AspNetUserRoles" AS a)
2024-12-03 17:39:18.045 +02:00 [INF] HTTP GET /swagger/index.html responded 200 in 145.9412 ms
2024-12-03 17:39:18.083 +02:00 [INF] HTTP GET /swagger/index.js responded 200 in 18.0045 ms
2024-12-03 17:39:18.414 +02:00 [INF] HTTP GET /swagger/v1/swagger.json responded 200 in 174.4301 ms
2024-12-03 17:39:45.270 +02:00 [INF] Executed DbCommand (30ms) [Parameters=[@__normalizedUserName_0='?'], CommandType='"Text"', CommandTimeout='30']
SELECT a."Id", a."AccessFailedCount", a."BirthDay", a."ConcurrencyStamp", a."Email", a."EmailConfirmed", a."LockoutEnabled", a."LockoutEnd", a."Nationality", a."NormalizedEmail", a."NormalizedUserName", a."PasswordHash", a."PhoneNumber", a."PhoneNumberConfirmed", a."SecurityStamp", a."TwoFactorEnabled", a."UserName"
FROM "AspNetUsers" AS a
WHERE a."NormalizedUserName" = @__normalizedUserName_0
LIMIT 1
2024-12-03 17:39:45.762 +02:00 [INF] Executed DbCommand (5ms) [Parameters=[@__user_Id_0='?'], CommandType='"Text"', CommandTimeout='30']
SELECT a."Id", a."ClaimType", a."ClaimValue", a."UserId"
FROM "AspNetUserClaims" AS a
WHERE a."UserId" = @__user_Id_0
2024-12-03 17:39:45.829 +02:00 [INF] Executed DbCommand (7ms) [Parameters=[@__userId_0='?'], CommandType='"Text"', CommandTimeout='30']
SELECT a0."Name"
FROM "AspNetUserRoles" AS a
INNER JOIN "AspNetRoles" AS a0 ON a."RoleId" = a0."Id"
WHERE a."UserId" = @__userId_0
2024-12-03 17:39:45.849 +02:00 [INF] Executed DbCommand (1ms) [Parameters=[@__normalizedName_0='?'], CommandType='"Text"', CommandTimeout='30']
SELECT a."Id", a."ConcurrencyStamp", a."Name", a."NormalizedName"
FROM "AspNetRoles" AS a
WHERE a."NormalizedName" = @__normalizedName_0
LIMIT 1
2024-12-03 17:39:45.887 +02:00 [INF] Executed DbCommand (4ms) [Parameters=[@__role_Id_0='?'], CommandType='"Text"', CommandTimeout='30']
SELECT a."ClaimType", a."ClaimValue"
FROM "AspNetRoleClaims" AS a
WHERE a."RoleId" = @__role_Id_0
2024-12-03 17:39:45.926 +02:00 [INF] HTTP POST /api/identity/login responded 200 in 958.6666 ms
2024-12-03 17:40:11.943 +02:00 [WRN] User is null
2024-12-03 17:40:14.018 +02:00 [INF] Request [GET] at /api/Restaurant/1 took 6 ms
2024-12-03 17:40:15.429 +02:00 [INF] HTTP GET /api/Restaurant/1 responded 401 in 8202.3886 ms
2024-12-03 17:43:05.807 +02:00 [WRN] The entity type 'Adress' is an optional dependent using table sharing without any required non shared property that could be used to identify whether the entity exists. If all nullable properties contain a null value in database then an object instance won't be created in the query. Add a required property to create instances with null values for other properties or mark the incoming navigation as required to always create an instance.
2024-12-03 17:43:06.643 +02:00 [INF] Executed DbCommand (22ms) [Parameters=[], CommandType='"Text"', CommandTimeout='30']
SELECT EXISTS (
    SELECT 1
    FROM "Restaurants" AS r)
2024-12-03 17:43:06.717 +02:00 [INF] Executed DbCommand (3ms) [Parameters=[], CommandType='"Text"', CommandTimeout='30']
SELECT EXISTS (
    SELECT 1
    FROM "AspNetUserRoles" AS a)
2024-12-03 17:43:08.663 +02:00 [INF] HTTP GET /swagger/index.html responded 200 in 109.5312 ms
2024-12-03 17:43:08.692 +02:00 [INF] HTTP GET /swagger/index.js responded 200 in 3.9712 ms
2024-12-03 17:43:09.014 +02:00 [INF] HTTP GET /swagger/v1/swagger.json responded 200 in 163.1762 ms
2024-12-03 17:43:38.325 +02:00 [INF] Executed DbCommand (28ms) [Parameters=[@__normalizedUserName_0='?'], CommandType='"Text"', CommandTimeout='30']
SELECT a."Id", a."AccessFailedCount", a."BirthDay", a."ConcurrencyStamp", a."Email", a."EmailConfirmed", a."LockoutEnabled", a."LockoutEnd", a."Nationality", a."NormalizedEmail", a."NormalizedUserName", a."PasswordHash", a."PhoneNumber", a."PhoneNumberConfirmed", a."SecurityStamp", a."TwoFactorEnabled", a."UserName"
FROM "AspNetUsers" AS a
WHERE a."NormalizedUserName" = @__normalizedUserName_0
LIMIT 1
2024-12-03 17:43:38.747 +02:00 [INF] Executed DbCommand (8ms) [Parameters=[@__user_Id_0='?'], CommandType='"Text"', CommandTimeout='30']
SELECT a."Id", a."ClaimType", a."ClaimValue", a."UserId"
FROM "AspNetUserClaims" AS a
WHERE a."UserId" = @__user_Id_0
2024-12-03 17:43:38.794 +02:00 [INF] Executed DbCommand (8ms) [Parameters=[@__userId_0='?'], CommandType='"Text"', CommandTimeout='30']
SELECT a0."Name"
FROM "AspNetUserRoles" AS a
INNER JOIN "AspNetRoles" AS a0 ON a."RoleId" = a0."Id"
WHERE a."UserId" = @__userId_0
2024-12-03 17:43:38.814 +02:00 [INF] Executed DbCommand (1ms) [Parameters=[@__normalizedName_0='?'], CommandType='"Text"', CommandTimeout='30']
SELECT a."Id", a."ConcurrencyStamp", a."Name", a."NormalizedName"
FROM "AspNetRoles" AS a
WHERE a."NormalizedName" = @__normalizedName_0
LIMIT 1
2024-12-03 17:43:38.849 +02:00 [INF] Executed DbCommand (3ms) [Parameters=[@__role_Id_0='?'], CommandType='"Text"', CommandTimeout='30']
SELECT a."ClaimType", a."ClaimValue"
FROM "AspNetRoleClaims" AS a
WHERE a."RoleId" = @__role_Id_0
2024-12-03 17:43:38.883 +02:00 [INF] HTTP POST /api/identity/login responded 200 in 894.3624 ms
2024-12-03 17:44:03.399 +02:00 [WRN] User is null
2024-12-03 17:44:03.411 +02:00 [INF] Request [GET] at /api/Restaurant/1 took 5 ms
2024-12-03 17:44:03.415 +02:00 [INF] HTTP GET /api/Restaurant/1 responded 401 in 5532.1388 ms
2024-12-03 17:47:49.614 +02:00 [WRN] The entity type 'Adress' is an optional dependent using table sharing without any required non shared property that could be used to identify whether the entity exists. If all nullable properties contain a null value in database then an object instance won't be created in the query. Add a required property to create instances with null values for other properties or mark the incoming navigation as required to always create an instance.
2024-12-03 17:47:50.569 +02:00 [INF] Executed DbCommand (26ms) [Parameters=[], CommandType='"Text"', CommandTimeout='30']
SELECT EXISTS (
    SELECT 1
    FROM "Restaurants" AS r)
2024-12-03 17:47:50.644 +02:00 [INF] Executed DbCommand (7ms) [Parameters=[], CommandType='"Text"', CommandTimeout='30']
SELECT EXISTS (
    SELECT 1
    FROM "AspNetUserRoles" AS a)
2024-12-03 17:47:52.548 +02:00 [INF] HTTP GET /swagger/index.html responded 200 in 114.7545 ms
2024-12-03 17:47:52.575 +02:00 [INF] HTTP GET /swagger/index.js responded 200 in 4.3971 ms
2024-12-03 17:47:52.968 +02:00 [INF] HTTP GET /swagger/v1/swagger.json responded 200 in 176.9108 ms
2024-12-03 17:48:23.068 +02:00 [INF] Executed DbCommand (32ms) [Parameters=[@__normalizedUserName_0='?'], CommandType='"Text"', CommandTimeout='30']
SELECT a."Id", a."AccessFailedCount", a."BirthDay", a."ConcurrencyStamp", a."Email", a."EmailConfirmed", a."LockoutEnabled", a."LockoutEnd", a."Nationality", a."NormalizedEmail", a."NormalizedUserName", a."PasswordHash", a."PhoneNumber", a."PhoneNumberConfirmed", a."SecurityStamp", a."TwoFactorEnabled", a."UserName"
FROM "AspNetUsers" AS a
WHERE a."NormalizedUserName" = @__normalizedUserName_0
LIMIT 1
2024-12-03 17:48:23.450 +02:00 [INF] Executed DbCommand (7ms) [Parameters=[@__user_Id_0='?'], CommandType='"Text"', CommandTimeout='30']
SELECT a."Id", a."ClaimType", a."ClaimValue", a."UserId"
FROM "AspNetUserClaims" AS a
WHERE a."UserId" = @__user_Id_0
2024-12-03 17:48:23.503 +02:00 [INF] Executed DbCommand (6ms) [Parameters=[@__userId_0='?'], CommandType='"Text"', CommandTimeout='30']
SELECT a0."Name"
FROM "AspNetUserRoles" AS a
INNER JOIN "AspNetRoles" AS a0 ON a."RoleId" = a0."Id"
WHERE a."UserId" = @__userId_0
2024-12-03 17:48:23.520 +02:00 [INF] Executed DbCommand (1ms) [Parameters=[@__normalizedName_0='?'], CommandType='"Text"', CommandTimeout='30']
SELECT a."Id", a."ConcurrencyStamp", a."Name", a."NormalizedName"
FROM "AspNetRoles" AS a
WHERE a."NormalizedName" = @__normalizedName_0
LIMIT 1
2024-12-03 17:48:23.559 +02:00 [INF] Executed DbCommand (7ms) [Parameters=[@__role_Id_0='?'], CommandType='"Text"', CommandTimeout='30']
SELECT a."ClaimType", a."ClaimValue"
FROM "AspNetRoleClaims" AS a
WHERE a."RoleId" = @__role_Id_0
2024-12-03 17:48:23.600 +02:00 [INF] HTTP POST /api/identity/login responded 200 in 840.2449 ms
2024-12-03 17:55:20.603 +02:00 [WRN] The entity type 'Adress' is an optional dependent using table sharing without any required non shared property that could be used to identify whether the entity exists. If all nullable properties contain a null value in database then an object instance won't be created in the query. Add a required property to create instances with null values for other properties or mark the incoming navigation as required to always create an instance.
2024-12-03 17:55:21.464 +02:00 [INF] Executed DbCommand (41ms) [Parameters=[], CommandType='"Text"', CommandTimeout='30']
SELECT EXISTS (
    SELECT 1
    FROM "Restaurants" AS r)
2024-12-03 17:55:21.531 +02:00 [INF] Executed DbCommand (5ms) [Parameters=[], CommandType='"Text"', CommandTimeout='30']
SELECT EXISTS (
    SELECT 1
    FROM "AspNetUserRoles" AS a)
2024-12-03 17:55:22.687 +02:00 [INF] HTTP GET /swagger/index.html responded 200 in 79.5301 ms
2024-12-03 17:55:22.707 +02:00 [INF] HTTP GET /swagger/index.js responded 200 in 5.7467 ms
2024-12-03 17:55:22.986 +02:00 [INF] HTTP GET /swagger/v1/swagger.json responded 200 in 145.6344 ms
2024-12-03 17:56:10.668 +02:00 [INF] Executed DbCommand (22ms) [Parameters=[@__normalizedUserName_0='?'], CommandType='"Text"', CommandTimeout='30']
SELECT a."Id", a."AccessFailedCount", a."BirthDay", a."ConcurrencyStamp", a."Email", a."EmailConfirmed", a."LockoutEnabled", a."LockoutEnd", a."Nationality", a."NormalizedEmail", a."NormalizedUserName", a."PasswordHash", a."PhoneNumber", a."PhoneNumberConfirmed", a."SecurityStamp", a."TwoFactorEnabled", a."UserName"
FROM "AspNetUsers" AS a
WHERE a."NormalizedUserName" = @__normalizedUserName_0
LIMIT 1
2024-12-03 17:56:10.996 +02:00 [INF] Executed DbCommand (7ms) [Parameters=[@__user_Id_0='?'], CommandType='"Text"', CommandTimeout='30']
SELECT a."Id", a."ClaimType", a."ClaimValue", a."UserId"
FROM "AspNetUserClaims" AS a
WHERE a."UserId" = @__user_Id_0
2024-12-03 17:56:11.036 +02:00 [INF] Executed DbCommand (6ms) [Parameters=[@__userId_0='?'], CommandType='"Text"', CommandTimeout='30']
SELECT a0."Name"
FROM "AspNetUserRoles" AS a
INNER JOIN "AspNetRoles" AS a0 ON a."RoleId" = a0."Id"
WHERE a."UserId" = @__userId_0
2024-12-03 17:56:11.052 +02:00 [INF] Executed DbCommand (1ms) [Parameters=[@__normalizedName_0='?'], CommandType='"Text"', CommandTimeout='30']
SELECT a."Id", a."ConcurrencyStamp", a."Name", a."NormalizedName"
FROM "AspNetRoles" AS a
WHERE a."NormalizedName" = @__normalizedName_0
LIMIT 1
2024-12-03 17:56:11.084 +02:00 [INF] Executed DbCommand (3ms) [Parameters=[@__role_Id_0='?'], CommandType='"Text"', CommandTimeout='30']
SELECT a."ClaimType", a."ClaimValue"
FROM "AspNetRoleClaims" AS a
WHERE a."RoleId" = @__role_Id_0
2024-12-03 17:56:11.105 +02:00 [INF] HTTP POST /api/identity/login responded 200 in 636.5408 ms
2024-12-03 17:58:49.047 +02:00 [WRN] The entity type 'Adress' is an optional dependent using table sharing without any required non shared property that could be used to identify whether the entity exists. If all nullable properties contain a null value in database then an object instance won't be created in the query. Add a required property to create instances with null values for other properties or mark the incoming navigation as required to always create an instance.
2024-12-03 17:58:49.793 +02:00 [INF] Executed DbCommand (20ms) [Parameters=[], CommandType='"Text"', CommandTimeout='30']
SELECT EXISTS (
    SELECT 1
    FROM "Restaurants" AS r)
2024-12-03 17:58:49.847 +02:00 [INF] Executed DbCommand (4ms) [Parameters=[], CommandType='"Text"', CommandTimeout='30']
SELECT EXISTS (
    SELECT 1
    FROM "AspNetUserRoles" AS a)
2024-12-03 17:58:50.817 +02:00 [INF] HTTP GET /swagger/index.html responded 200 in 74.8376 ms
2024-12-03 17:58:50.837 +02:00 [INF] HTTP GET /swagger/index.js responded 200 in 6.1586 ms
2024-12-03 17:58:51.106 +02:00 [INF] HTTP GET /swagger/v1/swagger.json responded 200 in 130.9536 ms
2024-12-03 17:59:13.198 +02:00 [INF] Executed DbCommand (22ms) [Parameters=[@__normalizedUserName_0='?'], CommandType='"Text"', CommandTimeout='30']
SELECT a."Id", a."AccessFailedCount", a."BirthDay", a."ConcurrencyStamp", a."Email", a."EmailConfirmed", a."LockoutEnabled", a."LockoutEnd", a."Nationality", a."NormalizedEmail", a."NormalizedUserName", a."PasswordHash", a."PhoneNumber", a."PhoneNumberConfirmed", a."SecurityStamp", a."TwoFactorEnabled", a."UserName"
FROM "AspNetUsers" AS a
WHERE a."NormalizedUserName" = @__normalizedUserName_0
LIMIT 1
2024-12-03 17:59:13.510 +02:00 [INF] Executed DbCommand (5ms) [Parameters=[@__user_Id_0='?'], CommandType='"Text"', CommandTimeout='30']
SELECT a."Id", a."ClaimType", a."ClaimValue", a."UserId"
FROM "AspNetUserClaims" AS a
WHERE a."UserId" = @__user_Id_0
2024-12-03 17:59:13.550 +02:00 [INF] Executed DbCommand (7ms) [Parameters=[@__userId_0='?'], CommandType='"Text"', CommandTimeout='30']
SELECT a0."Name"
FROM "AspNetUserRoles" AS a
INNER JOIN "AspNetRoles" AS a0 ON a."RoleId" = a0."Id"
WHERE a."UserId" = @__userId_0
2024-12-03 17:59:13.566 +02:00 [INF] Executed DbCommand (1ms) [Parameters=[@__normalizedName_0='?'], CommandType='"Text"', CommandTimeout='30']
SELECT a."Id", a."ConcurrencyStamp", a."Name", a."NormalizedName"
FROM "AspNetRoles" AS a
WHERE a."NormalizedName" = @__normalizedName_0
LIMIT 1
2024-12-03 17:59:13.600 +02:00 [INF] Executed DbCommand (4ms) [Parameters=[@__role_Id_0='?'], CommandType='"Text"', CommandTimeout='30']
SELECT a."ClaimType", a."ClaimValue"
FROM "AspNetRoleClaims" AS a
WHERE a."RoleId" = @__role_Id_0
2024-12-03 17:59:13.623 +02:00 [INF] HTTP POST /api/identity/login responded 200 in 652.0958 ms
2024-12-03 18:03:16.470 +02:00 [WRN] The entity type 'Adress' is an optional dependent using table sharing without any required non shared property that could be used to identify whether the entity exists. If all nullable properties contain a null value in database then an object instance won't be created in the query. Add a required property to create instances with null values for other properties or mark the incoming navigation as required to always create an instance.
2024-12-03 18:03:17.196 +02:00 [INF] Executed DbCommand (20ms) [Parameters=[], CommandType='"Text"', CommandTimeout='30']
SELECT EXISTS (
    SELECT 1
    FROM "Restaurants" AS r)
2024-12-03 18:03:17.252 +02:00 [INF] Executed DbCommand (4ms) [Parameters=[], CommandType='"Text"', CommandTimeout='30']
SELECT EXISTS (
    SELECT 1
    FROM "AspNetUserRoles" AS a)
2024-12-03 18:07:03.571 +02:00 [WRN] The entity type 'Adress' is an optional dependent using table sharing without any required non shared property that could be used to identify whether the entity exists. If all nullable properties contain a null value in database then an object instance won't be created in the query. Add a required property to create instances with null values for other properties or mark the incoming navigation as required to always create an instance.
2024-12-03 18:07:04.302 +02:00 [INF] Executed DbCommand (20ms) [Parameters=[], CommandType='"Text"', CommandTimeout='30']
SELECT EXISTS (
    SELECT 1
    FROM "Restaurants" AS r)
2024-12-03 18:07:04.359 +02:00 [INF] Executed DbCommand (4ms) [Parameters=[], CommandType='"Text"', CommandTimeout='30']
SELECT EXISTS (
    SELECT 1
    FROM "AspNetUserRoles" AS a)
2024-12-03 18:08:24.543 +02:00 [WRN] The entity type 'Adress' is an optional dependent using table sharing without any required non shared property that could be used to identify whether the entity exists. If all nullable properties contain a null value in database then an object instance won't be created in the query. Add a required property to create instances with null values for other properties or mark the incoming navigation as required to always create an instance.
2024-12-03 18:08:25.259 +02:00 [INF] Executed DbCommand (21ms) [Parameters=[], CommandType='"Text"', CommandTimeout='30']
SELECT EXISTS (
    SELECT 1
    FROM "Restaurants" AS r)
2024-12-03 18:08:25.313 +02:00 [INF] Executed DbCommand (3ms) [Parameters=[], CommandType='"Text"', CommandTimeout='30']
SELECT EXISTS (
    SELECT 1
    FROM "AspNetUserRoles" AS a)
2024-12-03 18:08:26.161 +02:00 [INF] HTTP GET /swagger/index.html responded 200 in 71.2761 ms
2024-12-03 18:08:26.175 +02:00 [INF] HTTP GET /swagger/index.js responded 200 in 1.8992 ms
2024-12-03 18:08:26.418 +02:00 [INF] HTTP GET /swagger/favicon-32x32.png responded 304 in 5.0969 ms
2024-12-03 18:08:26.520 +02:00 [INF] HTTP GET /swagger/v1/swagger.json responded 200 in 119.3421 ms
2024-12-03 18:08:53.476 +02:00 [INF] Executed DbCommand (26ms) [Parameters=[@__normalizedUserName_0='?'], CommandType='"Text"', CommandTimeout='30']
SELECT a."Id", a."AccessFailedCount", a."BirthDay", a."ConcurrencyStamp", a."Email", a."EmailConfirmed", a."LockoutEnabled", a."LockoutEnd", a."Nationality", a."NormalizedEmail", a."NormalizedUserName", a."PasswordHash", a."PhoneNumber", a."PhoneNumberConfirmed", a."SecurityStamp", a."TwoFactorEnabled", a."UserName"
FROM "AspNetUsers" AS a
WHERE a."NormalizedUserName" = @__normalizedUserName_0
LIMIT 1
2024-12-03 18:08:53.825 +02:00 [INF] Executed DbCommand (8ms) [Parameters=[@__user_Id_0='?'], CommandType='"Text"', CommandTimeout='30']
SELECT a."Id", a."ClaimType", a."ClaimValue", a."UserId"
FROM "AspNetUserClaims" AS a
WHERE a."UserId" = @__user_Id_0
2024-12-03 18:08:53.863 +02:00 [INF] Executed DbCommand (5ms) [Parameters=[@__userId_0='?'], CommandType='"Text"', CommandTimeout='30']
SELECT a0."Name"
FROM "AspNetUserRoles" AS a
INNER JOIN "AspNetRoles" AS a0 ON a."RoleId" = a0."Id"
WHERE a."UserId" = @__userId_0
2024-12-03 18:08:53.882 +02:00 [INF] Executed DbCommand (1ms) [Parameters=[@__normalizedName_0='?'], CommandType='"Text"', CommandTimeout='30']
SELECT a."Id", a."ConcurrencyStamp", a."Name", a."NormalizedName"
FROM "AspNetRoles" AS a
WHERE a."NormalizedName" = @__normalizedName_0
LIMIT 1
2024-12-03 18:08:53.915 +02:00 [INF] Executed DbCommand (3ms) [Parameters=[@__role_Id_0='?'], CommandType='"Text"', CommandTimeout='30']
SELECT a."ClaimType", a."ClaimValue"
FROM "AspNetRoleClaims" AS a
WHERE a."RoleId" = @__role_Id_0
2024-12-03 18:08:53.944 +02:00 [INF] HTTP POST /api/identity/login responded 200 in 669.1467 ms
2024-12-03 18:09:16.707 +02:00 [WRN] Birthday is null
2024-12-03 18:09:16.712 +02:00 [INF] HTTP GET /api/Restaurant/1 responded 403 in 26.8868 ms
2024-12-03 18:09:30.529 +02:00 [WRN] The entity type 'Adress' is an optional dependent using table sharing without any required non shared property that could be used to identify whether the entity exists. If all nullable properties contain a null value in database then an object instance won't be created in the query. Add a required property to create instances with null values for other properties or mark the incoming navigation as required to always create an instance.
2024-12-03 18:09:31.352 +02:00 [INF] Executed DbCommand (22ms) [Parameters=[], CommandType='"Text"', CommandTimeout='30']
SELECT EXISTS (
    SELECT 1
    FROM "Restaurants" AS r)
2024-12-03 18:09:31.436 +02:00 [INF] Executed DbCommand (5ms) [Parameters=[], CommandType='"Text"', CommandTimeout='30']
SELECT EXISTS (
    SELECT 1
    FROM "AspNetUserRoles" AS a)
2024-12-03 18:09:32.614 +02:00 [INF] HTTP GET /swagger/index.html responded 200 in 98.6674 ms
2024-12-03 18:09:32.634 +02:00 [INF] HTTP GET /swagger/index.js responded 200 in 5.8736 ms
2024-12-03 18:09:33.061 +02:00 [INF] HTTP GET /swagger/v1/swagger.json responded 200 in 163.2858 ms
2024-12-03 18:10:24.455 +02:00 [INF] Executed DbCommand (46ms) [Parameters=[@__normalizedUserName_0='?'], CommandType='"Text"', CommandTimeout='30']
SELECT a."Id", a."AccessFailedCount", a."BirthDay", a."ConcurrencyStamp", a."Email", a."EmailConfirmed", a."LockoutEnabled", a."LockoutEnd", a."Nationality", a."NormalizedEmail", a."NormalizedUserName", a."PasswordHash", a."PhoneNumber", a."PhoneNumberConfirmed", a."SecurityStamp", a."TwoFactorEnabled", a."UserName"
FROM "AspNetUsers" AS a
WHERE a."NormalizedUserName" = @__normalizedUserName_0
LIMIT 1
2024-12-03 18:10:29.649 +02:00 [INF] Executed DbCommand (8ms) [Parameters=[@__user_Id_0='?'], CommandType='"Text"', CommandTimeout='30']
SELECT a."Id", a."ClaimType", a."ClaimValue", a."UserId"
FROM "AspNetUserClaims" AS a
WHERE a."UserId" = @__user_Id_0
2024-12-03 18:10:29.708 +02:00 [INF] Executed DbCommand (8ms) [Parameters=[@__userId_0='?'], CommandType='"Text"', CommandTimeout='30']
SELECT a0."Name"
FROM "AspNetUserRoles" AS a
INNER JOIN "AspNetRoles" AS a0 ON a."RoleId" = a0."Id"
WHERE a."UserId" = @__userId_0
2024-12-03 18:10:29.726 +02:00 [INF] Executed DbCommand (1ms) [Parameters=[@__normalizedName_0='?'], CommandType='"Text"', CommandTimeout='30']
SELECT a."Id", a."ConcurrencyStamp", a."Name", a."NormalizedName"
FROM "AspNetRoles" AS a
WHERE a."NormalizedName" = @__normalizedName_0
LIMIT 1
2024-12-03 18:10:29.763 +02:00 [INF] Executed DbCommand (5ms) [Parameters=[@__role_Id_0='?'], CommandType='"Text"', CommandTimeout='30']
SELECT a."ClaimType", a."ClaimValue"
FROM "AspNetRoleClaims" AS a
WHERE a."RoleId" = @__role_Id_0
2024-12-03 18:10:29.813 +02:00 [INF] Request [POST] at /api/identity/login took 33 ms
2024-12-03 18:10:29.819 +02:00 [INF] HTTP POST /api/identity/login responded 200 in 33702.7743 ms
2024-12-03 18:10:49.137 +02:00 [WRN] User is null
2024-12-03 18:10:49.146 +02:00 [INF] HTTP GET /api/Restaurant/1 responded 401 in 24.2287 ms
2024-12-03 18:11:21.499 +02:00 [WRN] Birthday is null
2024-12-03 18:11:21.514 +02:00 [INF] Request [GET] at /api/Restaurant/1 took 24 ms
2024-12-03 18:11:21.518 +02:00 [INF] HTTP GET /api/Restaurant/1 responded 403 in 24806.4816 ms
2024-12-03 18:12:06.709 +02:00 [WRN] The entity type 'Adress' is an optional dependent using table sharing without any required non shared property that could be used to identify whether the entity exists. If all nullable properties contain a null value in database then an object instance won't be created in the query. Add a required property to create instances with null values for other properties or mark the incoming navigation as required to always create an instance.
2024-12-03 18:12:07.640 +02:00 [INF] Executed DbCommand (25ms) [Parameters=[], CommandType='"Text"', CommandTimeout='30']
SELECT EXISTS (
    SELECT 1
    FROM "Restaurants" AS r)
2024-12-03 18:12:07.711 +02:00 [INF] Executed DbCommand (3ms) [Parameters=[], CommandType='"Text"', CommandTimeout='30']
SELECT EXISTS (
    SELECT 1
    FROM "AspNetUserRoles" AS a)
2024-12-03 18:12:09.102 +02:00 [INF] HTTP GET /swagger/index.html responded 200 in 85.6269 ms
2024-12-03 18:12:09.120 +02:00 [INF] HTTP GET /swagger/index.js responded 200 in 3.1812 ms
2024-12-03 18:12:09.415 +02:00 [INF] HTTP GET /swagger/v1/swagger.json responded 200 in 165.8442 ms
2024-12-03 18:13:07.055 +02:00 [INF] Executed DbCommand (21ms) [Parameters=[@__normalizedUserName_0='?'], CommandType='"Text"', CommandTimeout='30']
SELECT a."Id", a."AccessFailedCount", a."BirthDay", a."ConcurrencyStamp", a."Email", a."EmailConfirmed", a."LockoutEnabled", a."LockoutEnd", a."Nationality", a."NormalizedEmail", a."NormalizedUserName", a."PasswordHash", a."PhoneNumber", a."PhoneNumberConfirmed", a."SecurityStamp", a."TwoFactorEnabled", a."UserName"
FROM "AspNetUsers" AS a
WHERE a."NormalizedUserName" = @__normalizedUserName_0
LIMIT 1
2024-12-03 18:13:13.750 +02:00 [INF] Executed DbCommand (4ms) [Parameters=[@__user_Id_0='?'], CommandType='"Text"', CommandTimeout='30']
SELECT a."Id", a."ClaimType", a."ClaimValue", a."UserId"
FROM "AspNetUserClaims" AS a
WHERE a."UserId" = @__user_Id_0
2024-12-03 18:13:13.836 +02:00 [INF] Executed DbCommand (5ms) [Parameters=[@__userId_0='?'], CommandType='"Text"', CommandTimeout='30']
SELECT a0."Name"
FROM "AspNetUserRoles" AS a
INNER JOIN "AspNetRoles" AS a0 ON a."RoleId" = a0."Id"
WHERE a."UserId" = @__userId_0
2024-12-03 18:13:13.855 +02:00 [INF] Executed DbCommand (2ms) [Parameters=[@__normalizedName_0='?'], CommandType='"Text"', CommandTimeout='30']
SELECT a."Id", a."ConcurrencyStamp", a."Name", a."NormalizedName"
FROM "AspNetRoles" AS a
WHERE a."NormalizedName" = @__normalizedName_0
LIMIT 1
2024-12-03 18:13:13.900 +02:00 [INF] Executed DbCommand (3ms) [Parameters=[@__role_Id_0='?'], CommandType='"Text"', CommandTimeout='30']
SELECT a."ClaimType", a."ClaimValue"
FROM "AspNetRoleClaims" AS a
WHERE a."RoleId" = @__role_Id_0
2024-12-03 18:13:37.011 +02:00 [INF] Request [POST] at /api/identity/login took 61 ms
2024-12-03 18:13:41.291 +02:00 [INF] HTTP POST /api/identity/login responded 200 in 67988.6410 ms
2024-12-03 18:15:44.537 +02:00 [WRN] The entity type 'Adress' is an optional dependent using table sharing without any required non shared property that could be used to identify whether the entity exists. If all nullable properties contain a null value in database then an object instance won't be created in the query. Add a required property to create instances with null values for other properties or mark the incoming navigation as required to always create an instance.
2024-12-03 18:15:45.235 +02:00 [INF] Executed DbCommand (20ms) [Parameters=[], CommandType='"Text"', CommandTimeout='30']
SELECT EXISTS (
    SELECT 1
    FROM "Restaurants" AS r)
2024-12-03 18:15:45.289 +02:00 [INF] Executed DbCommand (3ms) [Parameters=[], CommandType='"Text"', CommandTimeout='30']
SELECT EXISTS (
    SELECT 1
    FROM "AspNetUserRoles" AS a)
2024-12-03 18:15:46.942 +02:00 [INF] HTTP GET /swagger/index.html responded 200 in 76.5583 ms
2024-12-03 18:15:46.954 +02:00 [INF] HTTP GET /swagger/index.js responded 200 in 2.7958 ms
2024-12-03 18:15:47.264 +02:00 [INF] HTTP GET /swagger/v1/swagger.json responded 200 in 168.7980 ms
2024-12-03 18:16:20.023 +02:00 [INF] Executed DbCommand (18ms) [Parameters=[@__normalizedUserName_0='?'], CommandType='"Text"', CommandTimeout='30']
SELECT a."Id", a."AccessFailedCount", a."BirthDay", a."ConcurrencyStamp", a."Email", a."EmailConfirmed", a."LockoutEnabled", a."LockoutEnd", a."Nationality", a."NormalizedEmail", a."NormalizedUserName", a."PasswordHash", a."PhoneNumber", a."PhoneNumberConfirmed", a."SecurityStamp", a."TwoFactorEnabled", a."UserName"
FROM "AspNetUsers" AS a
WHERE a."NormalizedUserName" = @__normalizedUserName_0
LIMIT 1
2024-12-03 18:16:20.313 +02:00 [INF] Executed DbCommand (3ms) [Parameters=[@__user_Id_0='?'], CommandType='"Text"', CommandTimeout='30']
SELECT a."Id", a."ClaimType", a."ClaimValue", a."UserId"
FROM "AspNetUserClaims" AS a
WHERE a."UserId" = @__user_Id_0
2024-12-03 18:16:20.356 +02:00 [INF] Executed DbCommand (4ms) [Parameters=[@__userId_0='?'], CommandType='"Text"', CommandTimeout='30']
SELECT a0."Name"
FROM "AspNetUserRoles" AS a
INNER JOIN "AspNetRoles" AS a0 ON a."RoleId" = a0."Id"
WHERE a."UserId" = @__userId_0
2024-12-03 18:16:20.374 +02:00 [INF] Executed DbCommand (1ms) [Parameters=[@__normalizedName_0='?'], CommandType='"Text"', CommandTimeout='30']
SELECT a."Id", a."ConcurrencyStamp", a."Name", a."NormalizedName"
FROM "AspNetRoles" AS a
WHERE a."NormalizedName" = @__normalizedName_0
LIMIT 1
2024-12-03 18:16:20.411 +02:00 [INF] Executed DbCommand (3ms) [Parameters=[@__role_Id_0='?'], CommandType='"Text"', CommandTimeout='30']
SELECT a."ClaimType", a."ClaimValue"
FROM "AspNetRoleClaims" AS a
WHERE a."RoleId" = @__role_Id_0
2024-12-03 18:16:20.461 +02:00 [INF] HTTP POST /api/identity/login responded 200 in 633.8883 ms
2024-12-03 18:16:35.069 +02:00 [WRN] User is null
2024-12-03 18:16:35.093 +02:00 [INF] HTTP GET /api/Restaurant/1 responded 401 in 42.3795 ms
2024-12-03 18:16:42.320 +02:00 [WRN] Birthday is null
2024-12-03 18:16:42.326 +02:00 [INF] HTTP GET /api/Restaurant/1 responded 403 in 34.6700 ms
2024-12-03 18:17:46.660 +02:00 [WRN] The entity type 'Adress' is an optional dependent using table sharing without any required non shared property that could be used to identify whether the entity exists. If all nullable properties contain a null value in database then an object instance won't be created in the query. Add a required property to create instances with null values for other properties or mark the incoming navigation as required to always create an instance.
2024-12-03 18:17:47.552 +02:00 [INF] Executed DbCommand (22ms) [Parameters=[], CommandType='"Text"', CommandTimeout='30']
SELECT EXISTS (
    SELECT 1
    FROM "Restaurants" AS r)
2024-12-03 18:17:47.629 +02:00 [INF] Executed DbCommand (10ms) [Parameters=[], CommandType='"Text"', CommandTimeout='30']
SELECT EXISTS (
    SELECT 1
    FROM "AspNetUserRoles" AS a)
2024-12-03 18:17:49.139 +02:00 [INF] HTTP GET /swagger/index.html responded 200 in 85.8128 ms
2024-12-03 18:17:49.154 +02:00 [INF] HTTP GET /swagger/index.js responded 200 in 2.4924 ms
2024-12-03 18:17:49.424 +02:00 [INF] HTTP GET /swagger/v1/swagger.json responded 200 in 145.4898 ms
2024-12-03 18:18:12.269 +02:00 [INF] Executed DbCommand (21ms) [Parameters=[@__normalizedUserName_0='?'], CommandType='"Text"', CommandTimeout='30']
SELECT a."Id", a."AccessFailedCount", a."BirthDay", a."ConcurrencyStamp", a."Email", a."EmailConfirmed", a."LockoutEnabled", a."LockoutEnd", a."Nationality", a."NormalizedEmail", a."NormalizedUserName", a."PasswordHash", a."PhoneNumber", a."PhoneNumberConfirmed", a."SecurityStamp", a."TwoFactorEnabled", a."UserName"
FROM "AspNetUsers" AS a
WHERE a."NormalizedUserName" = @__normalizedUserName_0
LIMIT 1
2024-12-03 18:18:12.696 +02:00 [INF] Executed DbCommand (4ms) [Parameters=[@__user_Id_0='?'], CommandType='"Text"', CommandTimeout='30']
SELECT a."Id", a."ClaimType", a."ClaimValue", a."UserId"
FROM "AspNetUserClaims" AS a
WHERE a."UserId" = @__user_Id_0
2024-12-03 18:18:12.745 +02:00 [INF] Executed DbCommand (4ms) [Parameters=[@__userId_0='?'], CommandType='"Text"', CommandTimeout='30']
SELECT a0."Name"
FROM "AspNetUserRoles" AS a
INNER JOIN "AspNetRoles" AS a0 ON a."RoleId" = a0."Id"
WHERE a."UserId" = @__userId_0
2024-12-03 18:18:12.764 +02:00 [INF] Executed DbCommand (2ms) [Parameters=[@__normalizedName_0='?'], CommandType='"Text"', CommandTimeout='30']
SELECT a."Id", a."ConcurrencyStamp", a."Name", a."NormalizedName"
FROM "AspNetRoles" AS a
WHERE a."NormalizedName" = @__normalizedName_0
LIMIT 1
2024-12-03 18:18:12.797 +02:00 [INF] Executed DbCommand (3ms) [Parameters=[@__role_Id_0='?'], CommandType='"Text"', CommandTimeout='30']
SELECT a."ClaimType", a."ClaimValue"
FROM "AspNetRoleClaims" AS a
WHERE a."RoleId" = @__role_Id_0
2024-12-03 18:18:12.854 +02:00 [INF] HTTP POST /api/identity/login responded 200 in 855.3916 ms
2024-12-03 18:20:14.334 +02:00 [WRN] The entity type 'Adress' is an optional dependent using table sharing without any required non shared property that could be used to identify whether the entity exists. If all nullable properties contain a null value in database then an object instance won't be created in the query. Add a required property to create instances with null values for other properties or mark the incoming navigation as required to always create an instance.
2024-12-03 18:20:15.112 +02:00 [INF] Executed DbCommand (22ms) [Parameters=[], CommandType='"Text"', CommandTimeout='30']
SELECT EXISTS (
    SELECT 1
    FROM "Restaurants" AS r)
2024-12-03 18:20:15.181 +02:00 [INF] Executed DbCommand (4ms) [Parameters=[], CommandType='"Text"', CommandTimeout='30']
SELECT EXISTS (
    SELECT 1
    FROM "AspNetUserRoles" AS a)
2024-12-03 18:20:16.347 +02:00 [INF] HTTP GET /swagger/index.html responded 200 in 80.8025 ms
2024-12-03 18:20:16.366 +02:00 [INF] HTTP GET /swagger/index.js responded 200 in 3.9013 ms
2024-12-03 18:20:16.637 +02:00 [INF] HTTP GET /swagger/v1/swagger.json responded 200 in 151.7976 ms
2024-12-03 18:20:38.223 +02:00 [INF] Executed DbCommand (34ms) [Parameters=[@__normalizedUserName_0='?'], CommandType='"Text"', CommandTimeout='30']
SELECT a."Id", a."AccessFailedCount", a."BirthDay", a."ConcurrencyStamp", a."Email", a."EmailConfirmed", a."LockoutEnabled", a."LockoutEnd", a."Nationality", a."NormalizedEmail", a."NormalizedUserName", a."PasswordHash", a."PhoneNumber", a."PhoneNumberConfirmed", a."SecurityStamp", a."TwoFactorEnabled", a."UserName"
FROM "AspNetUsers" AS a
WHERE a."NormalizedUserName" = @__normalizedUserName_0
LIMIT 1
2024-12-03 18:20:38.613 +02:00 [INF] Executed DbCommand (6ms) [Parameters=[@__user_Id_0='?'], CommandType='"Text"', CommandTimeout='30']
SELECT a."Id", a."ClaimType", a."ClaimValue", a."UserId"
FROM "AspNetUserClaims" AS a
WHERE a."UserId" = @__user_Id_0
2024-12-03 18:20:38.677 +02:00 [INF] Executed DbCommand (9ms) [Parameters=[@__userId_0='?'], CommandType='"Text"', CommandTimeout='30']
SELECT a0."Name"
FROM "AspNetUserRoles" AS a
INNER JOIN "AspNetRoles" AS a0 ON a."RoleId" = a0."Id"
WHERE a."UserId" = @__userId_0
2024-12-03 18:20:38.705 +02:00 [INF] Executed DbCommand (1ms) [Parameters=[@__normalizedName_0='?'], CommandType='"Text"', CommandTimeout='30']
SELECT a."Id", a."ConcurrencyStamp", a."Name", a."NormalizedName"
FROM "AspNetRoles" AS a
WHERE a."NormalizedName" = @__normalizedName_0
LIMIT 1
2024-12-03 18:20:38.742 +02:00 [INF] Executed DbCommand (4ms) [Parameters=[@__role_Id_0='?'], CommandType='"Text"', CommandTimeout='30']
SELECT a."ClaimType", a."ClaimValue"
FROM "AspNetRoleClaims" AS a
WHERE a."RoleId" = @__role_Id_0
2024-12-03 18:20:38.794 +02:00 [INF] HTTP POST /api/identity/login responded 200 in 858.9386 ms
2024-12-03 18:23:13.863 +02:00 [WRN] The entity type 'Adress' is an optional dependent using table sharing without any required non shared property that could be used to identify whether the entity exists. If all nullable properties contain a null value in database then an object instance won't be created in the query. Add a required property to create instances with null values for other properties or mark the incoming navigation as required to always create an instance.
2024-12-03 18:23:14.558 +02:00 [INF] Executed DbCommand (22ms) [Parameters=[], CommandType='"Text"', CommandTimeout='30']
SELECT EXISTS (
    SELECT 1
    FROM "Restaurants" AS r)
2024-12-03 18:23:14.612 +02:00 [INF] Executed DbCommand (4ms) [Parameters=[], CommandType='"Text"', CommandTimeout='30']
SELECT EXISTS (
    SELECT 1
    FROM "AspNetUserRoles" AS a)
2024-12-03 18:23:15.505 +02:00 [INF] HTTP GET /swagger/index.html responded 200 in 70.1960 ms
2024-12-03 18:23:15.516 +02:00 [INF] HTTP GET /swagger/index.js responded 200 in 1.9511 ms
2024-12-03 18:23:15.762 +02:00 [INF] HTTP GET /swagger/v1/swagger.json responded 200 in 117.4992 ms
2024-12-03 18:23:34.589 +02:00 [INF] Executed DbCommand (25ms) [Parameters=[@__normalizedUserName_0='?'], CommandType='"Text"', CommandTimeout='30']
SELECT a."Id", a."AccessFailedCount", a."BirthDay", a."ConcurrencyStamp", a."Email", a."EmailConfirmed", a."LockoutEnabled", a."LockoutEnd", a."Nationality", a."NormalizedEmail", a."NormalizedUserName", a."PasswordHash", a."PhoneNumber", a."PhoneNumberConfirmed", a."SecurityStamp", a."TwoFactorEnabled", a."UserName"
FROM "AspNetUsers" AS a
WHERE a."NormalizedUserName" = @__normalizedUserName_0
LIMIT 1
2024-12-03 18:23:34.909 +02:00 [INF] Executed DbCommand (5ms) [Parameters=[@__user_Id_0='?'], CommandType='"Text"', CommandTimeout='30']
SELECT a."Id", a."ClaimType", a."ClaimValue", a."UserId"
FROM "AspNetUserClaims" AS a
WHERE a."UserId" = @__user_Id_0
2024-12-03 18:23:34.946 +02:00 [INF] Executed DbCommand (4ms) [Parameters=[@__userId_0='?'], CommandType='"Text"', CommandTimeout='30']
SELECT a0."Name"
FROM "AspNetUserRoles" AS a
INNER JOIN "AspNetRoles" AS a0 ON a."RoleId" = a0."Id"
WHERE a."UserId" = @__userId_0
2024-12-03 18:23:34.962 +02:00 [INF] Executed DbCommand (1ms) [Parameters=[@__normalizedName_0='?'], CommandType='"Text"', CommandTimeout='30']
SELECT a."Id", a."ConcurrencyStamp", a."Name", a."NormalizedName"
FROM "AspNetRoles" AS a
WHERE a."NormalizedName" = @__normalizedName_0
LIMIT 1
2024-12-03 18:23:34.995 +02:00 [INF] Executed DbCommand (3ms) [Parameters=[@__role_Id_0='?'], CommandType='"Text"', CommandTimeout='30']
SELECT a."ClaimType", a."ClaimValue"
FROM "AspNetRoleClaims" AS a
WHERE a."RoleId" = @__role_Id_0
2024-12-03 18:23:35.020 +02:00 [INF] HTTP POST /api/identity/login responded 200 in 640.6930 ms
2024-12-03 18:23:52.208 +02:00 [INF] Authorize succeed
2024-12-03 18:23:52.360 +02:00 [INF] Get restaurants with id = 1
2024-12-03 18:23:52.501 +02:00 [INF] Executed DbCommand (6ms) [Parameters=[@__id_0='?' (DbType = Int32)], CommandType='"Text"', CommandTimeout='30']
SELECT t."Id", t."Category", t."ContactEmail", t."ContactNumber", t."Description", t."HasDelivery", t."Name", t."Adress_City", t."Adress_PostalCode", t."Adress_Street", d."Id", d."Description", d."KiloCalories", d."Name", d."Price", d."RestaurantId"
FROM (
    SELECT r."Id", r."Category", r."ContactEmail", r."ContactNumber", r."Description", r."HasDelivery", r."Name", r."Adress_City", r."Adress_PostalCode", r."Adress_Street"
    FROM "Restaurants" AS r
    WHERE r."Id" = @__id_0
    LIMIT 1
) AS t
LEFT JOIN "Dishes" AS d ON t."Id" = d."RestaurantId"
ORDER BY t."Id"
2024-12-03 18:23:52.609 +02:00 [INF] HTTP GET /api/Restaurant/1 responded 200 in 418.6904 ms
2024-12-03 18:24:34.654 +02:00 [WRN] The entity type 'Adress' is an optional dependent using table sharing without any required non shared property that could be used to identify whether the entity exists. If all nullable properties contain a null value in database then an object instance won't be created in the query. Add a required property to create instances with null values for other properties or mark the incoming navigation as required to always create an instance.
2024-12-03 18:24:35.346 +02:00 [INF] Executed DbCommand (21ms) [Parameters=[], CommandType='"Text"', CommandTimeout='30']
SELECT EXISTS (
    SELECT 1
    FROM "Restaurants" AS r)
2024-12-03 18:24:35.397 +02:00 [INF] Executed DbCommand (3ms) [Parameters=[], CommandType='"Text"', CommandTimeout='30']
SELECT EXISTS (
    SELECT 1
    FROM "AspNetUserRoles" AS a)
2024-12-03 18:24:35.906 +02:00 [INF] HTTP GET /swagger/index.html responded 200 in 67.1864 ms
2024-12-03 18:24:35.918 +02:00 [INF] HTTP GET /swagger/index.js responded 200 in 1.7984 ms
2024-12-03 18:24:36.150 +02:00 [INF] HTTP GET /swagger/v1/swagger.json responded 200 in 114.6240 ms
2024-12-03 18:25:11.773 +02:00 [INF] Executed DbCommand (17ms) [Parameters=[@__normalizedUserName_0='?'], CommandType='"Text"', CommandTimeout='30']
SELECT a."Id", a."AccessFailedCount", a."BirthDay", a."ConcurrencyStamp", a."Email", a."EmailConfirmed", a."LockoutEnabled", a."LockoutEnd", a."Nationality", a."NormalizedEmail", a."NormalizedUserName", a."PasswordHash", a."PhoneNumber", a."PhoneNumberConfirmed", a."SecurityStamp", a."TwoFactorEnabled", a."UserName"
FROM "AspNetUsers" AS a
WHERE a."NormalizedUserName" = @__normalizedUserName_0
LIMIT 1
2024-12-03 18:25:12.061 +02:00 [INF] Executed DbCommand (4ms) [Parameters=[@__user_Id_0='?'], CommandType='"Text"', CommandTimeout='30']
SELECT a."Id", a."ClaimType", a."ClaimValue", a."UserId"
FROM "AspNetUserClaims" AS a
WHERE a."UserId" = @__user_Id_0
2024-12-03 18:25:12.098 +02:00 [INF] Executed DbCommand (5ms) [Parameters=[@__userId_0='?'], CommandType='"Text"', CommandTimeout='30']
SELECT a0."Name"
FROM "AspNetUserRoles" AS a
INNER JOIN "AspNetRoles" AS a0 ON a."RoleId" = a0."Id"
WHERE a."UserId" = @__userId_0
2024-12-03 18:25:12.117 +02:00 [INF] Executed DbCommand (1ms) [Parameters=[@__normalizedName_0='?'], CommandType='"Text"', CommandTimeout='30']
SELECT a."Id", a."ConcurrencyStamp", a."Name", a."NormalizedName"
FROM "AspNetRoles" AS a
WHERE a."NormalizedName" = @__normalizedName_0
LIMIT 1
2024-12-03 18:25:12.151 +02:00 [INF] Executed DbCommand (3ms) [Parameters=[@__role_Id_0='?'], CommandType='"Text"', CommandTimeout='30']
SELECT a."ClaimType", a."ClaimValue"
FROM "AspNetRoleClaims" AS a
WHERE a."RoleId" = @__role_Id_0
2024-12-03 18:25:12.175 +02:00 [INF] HTTP POST /api/identity/login responded 200 in 585.1383 ms
2024-12-03 18:25:30.411 +02:00 [INF] Get restaurants with id = 1
2024-12-03 18:25:30.566 +02:00 [INF] Executed DbCommand (6ms) [Parameters=[@__id_0='?' (DbType = Int32)], CommandType='"Text"', CommandTimeout='30']
SELECT t."Id", t."Category", t."ContactEmail", t."ContactNumber", t."Description", t."HasDelivery", t."Name", t."Adress_City", t."Adress_PostalCode", t."Adress_Street", d."Id", d."Description", d."KiloCalories", d."Name", d."Price", d."RestaurantId"
FROM (
    SELECT r."Id", r."Category", r."ContactEmail", r."ContactNumber", r."Description", r."HasDelivery", r."Name", r."Adress_City", r."Adress_PostalCode", r."Adress_Street"
    FROM "Restaurants" AS r
    WHERE r."Id" = @__id_0
    LIMIT 1
) AS t
LEFT JOIN "Dishes" AS d ON t."Id" = d."RestaurantId"
ORDER BY t."Id"
2024-12-03 18:25:30.671 +02:00 [INF] HTTP GET /api/Restaurant/1 responded 200 in 416.2055 ms
2024-12-03 18:25:46.263 +02:00 [INF] Update user: 30638f2e-2ef9-4a9d-9370-5b32208171af, with {"BirthDay":"2024-12-03T16:25:38.9470000Z","Nationality":"string","$type":"UpdateUserDetailsCommand"}
2024-12-03 18:25:46.293 +02:00 [INF] Executed DbCommand (2ms) [Parameters=[@__p_0='?'], CommandType='"Text"', CommandTimeout='30']
SELECT a."Id", a."AccessFailedCount", a."BirthDay", a."ConcurrencyStamp", a."Email", a."EmailConfirmed", a."LockoutEnabled", a."LockoutEnd", a."Nationality", a."NormalizedEmail", a."NormalizedUserName", a."PasswordHash", a."PhoneNumber", a."PhoneNumberConfirmed", a."SecurityStamp", a."TwoFactorEnabled", a."UserName"
FROM "AspNetUsers" AS a
WHERE a."Id" = @__p_0
LIMIT 1
2024-12-03 18:25:46.437 +02:00 [INF] Executed DbCommand (23ms) [Parameters=[@p16='?', @p0='?' (DbType = Int32), @p1='?' (DbType = DateTime), @p2='?', @p17='?', @p3='?', @p4='?' (DbType = Boolean), @p5='?' (DbType = Boolean), @p6='?' (DbType = DateTime), @p7='?', @p8='?', @p9='?', @p10='?', @p11='?', @p12='?' (DbType = Boolean), @p13='?', @p14='?' (DbType = Boolean), @p15='?'], CommandType='"Text"', CommandTimeout='30']
UPDATE "AspNetUsers" SET "AccessFailedCount" = @p0, "BirthDay" = @p1, "ConcurrencyStamp" = @p2, "Email" = @p3, "EmailConfirmed" = @p4, "LockoutEnabled" = @p5, "LockoutEnd" = @p6, "Nationality" = @p7, "NormalizedEmail" = @p8, "NormalizedUserName" = @p9, "PasswordHash" = @p10, "PhoneNumber" = @p11, "PhoneNumberConfirmed" = @p12, "SecurityStamp" = @p13, "TwoFactorEnabled" = @p14, "UserName" = @p15
WHERE "Id" = @p16 AND "ConcurrencyStamp" = @p17;
2024-12-03 18:25:46.457 +02:00 [INF] HTTP PATCH /api/identity/user responded 204 in 254.6734 ms
2024-12-03 18:25:53.857 +02:00 [INF] Get restaurants with id = 1
2024-12-03 18:25:53.867 +02:00 [INF] Executed DbCommand (1ms) [Parameters=[@__id_0='?' (DbType = Int32)], CommandType='"Text"', CommandTimeout='30']
SELECT t."Id", t."Category", t."ContactEmail", t."ContactNumber", t."Description", t."HasDelivery", t."Name", t."Adress_City", t."Adress_PostalCode", t."Adress_Street", d."Id", d."Description", d."KiloCalories", d."Name", d."Price", d."RestaurantId"
FROM (
    SELECT r."Id", r."Category", r."ContactEmail", r."ContactNumber", r."Description", r."HasDelivery", r."Name", r."Adress_City", r."Adress_PostalCode", r."Adress_Street"
    FROM "Restaurants" AS r
    WHERE r."Id" = @__id_0
    LIMIT 1
) AS t
LEFT JOIN "Dishes" AS d ON t."Id" = d."RestaurantId"
ORDER BY t."Id"
2024-12-03 18:25:53.875 +02:00 [INF] HTTP GET /api/Restaurant/1 responded 200 in 27.8410 ms
2024-12-03 19:36:46.009 +02:00 [WRN] The entity type 'Adress' is an optional dependent using table sharing without any required non shared property that could be used to identify whether the entity exists. If all nullable properties contain a null value in database then an object instance won't be created in the query. Add a required property to create instances with null values for other properties or mark the incoming navigation as required to always create an instance.
2024-12-03 19:36:46.206 +02:00 [WRN] The entity type 'Adress' is an optional dependent using table sharing without any required non shared property that could be used to identify whether the entity exists. If all nullable properties contain a null value in database then an object instance won't be created in the query. Add a required property to create instances with null values for other properties or mark the incoming navigation as required to always create an instance.
2024-12-03 19:41:09.612 +02:00 [WRN] The entity type 'Adress' is an optional dependent using table sharing without any required non shared property that could be used to identify whether the entity exists. If all nullable properties contain a null value in database then an object instance won't be created in the query. Add a required property to create instances with null values for other properties or mark the incoming navigation as required to always create an instance.
2024-12-03 19:41:10.067 +02:00 [INF] Executed DbCommand (37ms) [Parameters=[], CommandType='"Text"', CommandTimeout='30']
SELECT EXISTS (
    SELECT 1 FROM pg_catalog.pg_class c
    JOIN pg_catalog.pg_namespace n ON n.oid=c.relnamespace
    WHERE n.nspname='public' AND
          c.relname='__EFMigrationsHistory'
)
2024-12-03 19:41:10.089 +02:00 [INF] Executed DbCommand (8ms) [Parameters=[], CommandType='"Text"', CommandTimeout='30']
SELECT "MigrationId", "ProductVersion"
FROM "__EFMigrationsHistory"
ORDER BY "MigrationId";
2024-12-03 19:41:10.137 +02:00 [INF] Executed DbCommand (1ms) [Parameters=[], CommandType='"Text"', CommandTimeout='30']
SELECT EXISTS (
    SELECT 1 FROM pg_catalog.pg_class c
    JOIN pg_catalog.pg_namespace n ON n.oid=c.relnamespace
    WHERE n.nspname='public' AND
          c.relname='__EFMigrationsHistory'
)
2024-12-03 19:41:10.175 +02:00 [INF] Executed DbCommand (1ms) [Parameters=[], CommandType='"Text"', CommandTimeout='30']
SELECT EXISTS (
    SELECT 1 FROM pg_catalog.pg_class c
    JOIN pg_catalog.pg_namespace n ON n.oid=c.relnamespace
    WHERE n.nspname='public' AND
          c.relname='__EFMigrationsHistory'
)
2024-12-03 19:41:10.176 +02:00 [INF] Executed DbCommand (0ms) [Parameters=[], CommandType='"Text"', CommandTimeout='30']
SELECT "MigrationId", "ProductVersion"
FROM "__EFMigrationsHistory"
ORDER BY "MigrationId";
2024-12-03 19:41:10.184 +02:00 [INF] Applying migration '20241203173647_AddOwnerToRestaurants'.
2024-12-03 19:41:10.249 +02:00 [INF] Executed DbCommand (23ms) [Parameters=[], CommandType='"Text"', CommandTimeout='30']
ALTER TABLE "Restaurants" ADD "OwnerId" text NOT NULL DEFAULT '';
2024-12-03 19:41:10.266 +02:00 [ERR] Failed executing DbCommand (17ms) [Parameters=[], CommandType='"Text"', CommandTimeout='30']

                UPDATE Restaurants
                SET OwnerId = (
                SELECT Id 
                FROM AspNetUsers 
                LIMIT 1
                )
                WHERE OwnerId = '';
2024-12-03 19:41:48.719 +02:00 [WRN] The entity type 'Adress' is an optional dependent using table sharing without any required non shared property that could be used to identify whether the entity exists. If all nullable properties contain a null value in database then an object instance won't be created in the query. Add a required property to create instances with null values for other properties or mark the incoming navigation as required to always create an instance.
2024-12-03 19:41:49.057 +02:00 [INF] Executed DbCommand (37ms) [Parameters=[], CommandType='"Text"', CommandTimeout='30']
SELECT EXISTS (
    SELECT 1 FROM pg_catalog.pg_class c
    JOIN pg_catalog.pg_namespace n ON n.oid=c.relnamespace
    WHERE n.nspname='public' AND
          c.relname='__EFMigrationsHistory'
)
2024-12-03 19:41:49.081 +02:00 [INF] Executed DbCommand (7ms) [Parameters=[], CommandType='"Text"', CommandTimeout='30']
SELECT "MigrationId", "ProductVersion"
FROM "__EFMigrationsHistory"
ORDER BY "MigrationId";
2024-12-03 19:41:49.144 +02:00 [INF] Executed DbCommand (1ms) [Parameters=[], CommandType='"Text"', CommandTimeout='30']
SELECT EXISTS (
    SELECT 1 FROM pg_catalog.pg_class c
    JOIN pg_catalog.pg_namespace n ON n.oid=c.relnamespace
    WHERE n.nspname='public' AND
          c.relname='__EFMigrationsHistory'
)
2024-12-03 19:41:49.181 +02:00 [INF] Executed DbCommand (1ms) [Parameters=[], CommandType='"Text"', CommandTimeout='30']
SELECT EXISTS (
    SELECT 1 FROM pg_catalog.pg_class c
    JOIN pg_catalog.pg_namespace n ON n.oid=c.relnamespace
    WHERE n.nspname='public' AND
          c.relname='__EFMigrationsHistory'
)
2024-12-03 19:41:49.182 +02:00 [INF] Executed DbCommand (0ms) [Parameters=[], CommandType='"Text"', CommandTimeout='30']
SELECT "MigrationId", "ProductVersion"
FROM "__EFMigrationsHistory"
ORDER BY "MigrationId";
2024-12-03 19:41:49.189 +02:00 [INF] Applying migration '20241203173647_AddOwnerToRestaurants'.
2024-12-03 19:41:49.226 +02:00 [INF] Executed DbCommand (4ms) [Parameters=[], CommandType='"Text"', CommandTimeout='30']
ALTER TABLE "Restaurants" ADD "OwnerId" text NOT NULL DEFAULT '';
2024-12-03 19:41:49.231 +02:00 [ERR] Failed executing DbCommand (4ms) [Parameters=[], CommandType='"Text"', CommandTimeout='30']

                UPDATE Restaurant
                SET OwnerId = (
                SELECT Id 
                FROM AspNetUsers 
                LIMIT 1
                )
                WHERE OwnerId = '';
2024-12-03 19:42:02.669 +02:00 [WRN] The entity type 'Adress' is an optional dependent using table sharing without any required non shared property that could be used to identify whether the entity exists. If all nullable properties contain a null value in database then an object instance won't be created in the query. Add a required property to create instances with null values for other properties or mark the incoming navigation as required to always create an instance.
2024-12-03 19:42:03.023 +02:00 [INF] Executed DbCommand (37ms) [Parameters=[], CommandType='"Text"', CommandTimeout='30']
SELECT EXISTS (
    SELECT 1 FROM pg_catalog.pg_class c
    JOIN pg_catalog.pg_namespace n ON n.oid=c.relnamespace
    WHERE n.nspname='public' AND
          c.relname='__EFMigrationsHistory'
)
2024-12-03 19:42:03.041 +02:00 [INF] Executed DbCommand (3ms) [Parameters=[], CommandType='"Text"', CommandTimeout='30']
SELECT "MigrationId", "ProductVersion"
FROM "__EFMigrationsHistory"
ORDER BY "MigrationId";
2024-12-03 19:42:03.094 +02:00 [INF] Executed DbCommand (1ms) [Parameters=[], CommandType='"Text"', CommandTimeout='30']
SELECT EXISTS (
    SELECT 1 FROM pg_catalog.pg_class c
    JOIN pg_catalog.pg_namespace n ON n.oid=c.relnamespace
    WHERE n.nspname='public' AND
          c.relname='__EFMigrationsHistory'
)
2024-12-03 19:42:03.134 +02:00 [INF] Executed DbCommand (1ms) [Parameters=[], CommandType='"Text"', CommandTimeout='30']
SELECT EXISTS (
    SELECT 1 FROM pg_catalog.pg_class c
    JOIN pg_catalog.pg_namespace n ON n.oid=c.relnamespace
    WHERE n.nspname='public' AND
          c.relname='__EFMigrationsHistory'
)
2024-12-03 19:42:03.135 +02:00 [INF] Executed DbCommand (0ms) [Parameters=[], CommandType='"Text"', CommandTimeout='30']
SELECT "MigrationId", "ProductVersion"
FROM "__EFMigrationsHistory"
ORDER BY "MigrationId";
2024-12-03 19:42:03.143 +02:00 [INF] Applying migration '20241203173647_AddOwnerToRestaurants'.
2024-12-03 19:42:03.184 +02:00 [INF] Executed DbCommand (4ms) [Parameters=[], CommandType='"Text"', CommandTimeout='30']
ALTER TABLE "Restaurants" ADD "OwnerId" text NOT NULL DEFAULT '';
2024-12-03 19:42:03.189 +02:00 [ERR] Failed executing DbCommand (5ms) [Parameters=[], CommandType='"Text"', CommandTimeout='30']

                UPDATE 'Restaurant'
                SET OwnerId = (
                SELECT Id 
                FROM AspNetUsers 
                LIMIT 1
                )
                WHERE OwnerId = '';
2024-12-03 19:42:43.206 +02:00 [WRN] The entity type 'Adress' is an optional dependent using table sharing without any required non shared property that could be used to identify whether the entity exists. If all nullable properties contain a null value in database then an object instance won't be created in the query. Add a required property to create instances with null values for other properties or mark the incoming navigation as required to always create an instance.
2024-12-03 19:42:43.538 +02:00 [INF] Executed DbCommand (35ms) [Parameters=[], CommandType='"Text"', CommandTimeout='30']
SELECT EXISTS (
    SELECT 1 FROM pg_catalog.pg_class c
    JOIN pg_catalog.pg_namespace n ON n.oid=c.relnamespace
    WHERE n.nspname='public' AND
          c.relname='__EFMigrationsHistory'
)
2024-12-03 19:42:43.553 +02:00 [INF] Executed DbCommand (3ms) [Parameters=[], CommandType='"Text"', CommandTimeout='30']
SELECT "MigrationId", "ProductVersion"
FROM "__EFMigrationsHistory"
ORDER BY "MigrationId";
2024-12-03 19:42:43.600 +02:00 [INF] Executed DbCommand (1ms) [Parameters=[], CommandType='"Text"', CommandTimeout='30']
SELECT EXISTS (
    SELECT 1 FROM pg_catalog.pg_class c
    JOIN pg_catalog.pg_namespace n ON n.oid=c.relnamespace
    WHERE n.nspname='public' AND
          c.relname='__EFMigrationsHistory'
)
2024-12-03 19:42:43.638 +02:00 [INF] Executed DbCommand (1ms) [Parameters=[], CommandType='"Text"', CommandTimeout='30']
SELECT EXISTS (
    SELECT 1 FROM pg_catalog.pg_class c
    JOIN pg_catalog.pg_namespace n ON n.oid=c.relnamespace
    WHERE n.nspname='public' AND
          c.relname='__EFMigrationsHistory'
)
2024-12-03 19:42:43.638 +02:00 [INF] Executed DbCommand (0ms) [Parameters=[], CommandType='"Text"', CommandTimeout='30']
SELECT "MigrationId", "ProductVersion"
FROM "__EFMigrationsHistory"
ORDER BY "MigrationId";
2024-12-03 19:42:43.646 +02:00 [INF] Applying migration '20241203173647_AddOwnerToRestaurants'.
2024-12-03 19:42:43.680 +02:00 [INF] Executed DbCommand (4ms) [Parameters=[], CommandType='"Text"', CommandTimeout='30']
ALTER TABLE "Restaurants" ADD "OwnerId" text NOT NULL DEFAULT '';
2024-12-03 19:42:43.686 +02:00 [ERR] Failed executing DbCommand (5ms) [Parameters=[], CommandType='"Text"', CommandTimeout='30']

        UPDATE Restaurants
        SET OwnerId = (SELECT Id FROM AspNetUsers LIMIT 1)
        WHERE OwnerId = ''
2024-12-03 19:42:52.191 +02:00 [WRN] The entity type 'Adress' is an optional dependent using table sharing without any required non shared property that could be used to identify whether the entity exists. If all nullable properties contain a null value in database then an object instance won't be created in the query. Add a required property to create instances with null values for other properties or mark the incoming navigation as required to always create an instance.
2024-12-03 19:42:52.813 +02:00 [INF] Executed DbCommand (44ms) [Parameters=[], CommandType='"Text"', CommandTimeout='30']
SELECT EXISTS (
    SELECT 1 FROM pg_catalog.pg_class c
    JOIN pg_catalog.pg_namespace n ON n.oid=c.relnamespace
    WHERE n.nspname='public' AND
          c.relname='__EFMigrationsHistory'
)
2024-12-03 19:42:52.835 +02:00 [INF] Executed DbCommand (4ms) [Parameters=[], CommandType='"Text"', CommandTimeout='30']
SELECT "MigrationId", "ProductVersion"
FROM "__EFMigrationsHistory"
ORDER BY "MigrationId";
2024-12-03 19:42:52.891 +02:00 [INF] Executed DbCommand (1ms) [Parameters=[], CommandType='"Text"', CommandTimeout='30']
SELECT EXISTS (
    SELECT 1 FROM pg_catalog.pg_class c
    JOIN pg_catalog.pg_namespace n ON n.oid=c.relnamespace
    WHERE n.nspname='public' AND
          c.relname='__EFMigrationsHistory'
)
2024-12-03 19:42:52.937 +02:00 [INF] Executed DbCommand (1ms) [Parameters=[], CommandType='"Text"', CommandTimeout='30']
SELECT EXISTS (
    SELECT 1 FROM pg_catalog.pg_class c
    JOIN pg_catalog.pg_namespace n ON n.oid=c.relnamespace
    WHERE n.nspname='public' AND
          c.relname='__EFMigrationsHistory'
)
2024-12-03 19:42:52.938 +02:00 [INF] Executed DbCommand (0ms) [Parameters=[], CommandType='"Text"', CommandTimeout='30']
SELECT "MigrationId", "ProductVersion"
FROM "__EFMigrationsHistory"
ORDER BY "MigrationId";
2024-12-03 19:42:52.951 +02:00 [INF] Applying migration '20241203173647_AddOwnerToRestaurants'.
2024-12-03 19:42:53.006 +02:00 [INF] Executed DbCommand (16ms) [Parameters=[], CommandType='"Text"', CommandTimeout='30']
ALTER TABLE "Restaurants" ADD "OwnerId" text NOT NULL DEFAULT '';
2024-12-03 19:42:53.026 +02:00 [ERR] Failed executing DbCommand (19ms) [Parameters=[], CommandType='"Text"', CommandTimeout='30']

        UPDATE Restaurants
        SET OwnerId = (SELECT Id FROM AspNetUsers LIMIT 1)
        WHERE OwnerId = ''
2024-12-03 19:43:04.636 +02:00 [WRN] The entity type 'Adress' is an optional dependent using table sharing without any required non shared property that could be used to identify whether the entity exists. If all nullable properties contain a null value in database then an object instance won't be created in the query. Add a required property to create instances with null values for other properties or mark the incoming navigation as required to always create an instance.
2024-12-03 19:43:04.971 +02:00 [INF] Executed DbCommand (34ms) [Parameters=[], CommandType='"Text"', CommandTimeout='30']
SELECT EXISTS (
    SELECT 1 FROM pg_catalog.pg_class c
    JOIN pg_catalog.pg_namespace n ON n.oid=c.relnamespace
    WHERE n.nspname='public' AND
          c.relname='__EFMigrationsHistory'
)
2024-12-03 19:43:04.991 +02:00 [INF] Executed DbCommand (5ms) [Parameters=[], CommandType='"Text"', CommandTimeout='30']
SELECT "MigrationId", "ProductVersion"
FROM "__EFMigrationsHistory"
ORDER BY "MigrationId";
2024-12-03 19:43:05.049 +02:00 [INF] Executed DbCommand (1ms) [Parameters=[], CommandType='"Text"', CommandTimeout='30']
SELECT EXISTS (
    SELECT 1 FROM pg_catalog.pg_class c
    JOIN pg_catalog.pg_namespace n ON n.oid=c.relnamespace
    WHERE n.nspname='public' AND
          c.relname='__EFMigrationsHistory'
)
2024-12-03 19:43:05.090 +02:00 [INF] Executed DbCommand (1ms) [Parameters=[], CommandType='"Text"', CommandTimeout='30']
SELECT EXISTS (
    SELECT 1 FROM pg_catalog.pg_class c
    JOIN pg_catalog.pg_namespace n ON n.oid=c.relnamespace
    WHERE n.nspname='public' AND
          c.relname='__EFMigrationsHistory'
)
2024-12-03 19:43:05.091 +02:00 [INF] Executed DbCommand (0ms) [Parameters=[], CommandType='"Text"', CommandTimeout='30']
SELECT "MigrationId", "ProductVersion"
FROM "__EFMigrationsHistory"
ORDER BY "MigrationId";
2024-12-03 19:43:05.100 +02:00 [INF] Applying migration '20241203173647_AddOwnerToRestaurants'.
2024-12-03 19:43:05.144 +02:00 [INF] Executed DbCommand (5ms) [Parameters=[], CommandType='"Text"', CommandTimeout='30']
ALTER TABLE "Restaurants" ADD "OwnerId" text NOT NULL DEFAULT '';
2024-12-03 19:43:05.154 +02:00 [ERR] Failed executing DbCommand (9ms) [Parameters=[], CommandType='"Text"', CommandTimeout='30']

        UPDATE Restaurant
        SET OwnerId = (SELECT Id FROM AspNetUsers LIMIT 1)
        WHERE OwnerId = ''
2024-12-03 19:43:45.377 +02:00 [WRN] The entity type 'Adress' is an optional dependent using table sharing without any required non shared property that could be used to identify whether the entity exists. If all nullable properties contain a null value in database then an object instance won't be created in the query. Add a required property to create instances with null values for other properties or mark the incoming navigation as required to always create an instance.
2024-12-03 19:43:45.720 +02:00 [INF] Executed DbCommand (34ms) [Parameters=[], CommandType='"Text"', CommandTimeout='30']
SELECT EXISTS (
    SELECT 1 FROM pg_catalog.pg_class c
    JOIN pg_catalog.pg_namespace n ON n.oid=c.relnamespace
    WHERE n.nspname='public' AND
          c.relname='__EFMigrationsHistory'
)
2024-12-03 19:43:45.734 +02:00 [INF] Executed DbCommand (3ms) [Parameters=[], CommandType='"Text"', CommandTimeout='30']
SELECT "MigrationId", "ProductVersion"
FROM "__EFMigrationsHistory"
ORDER BY "MigrationId";
2024-12-03 19:43:45.781 +02:00 [INF] Executed DbCommand (1ms) [Parameters=[], CommandType='"Text"', CommandTimeout='30']
SELECT EXISTS (
    SELECT 1 FROM pg_catalog.pg_class c
    JOIN pg_catalog.pg_namespace n ON n.oid=c.relnamespace
    WHERE n.nspname='public' AND
          c.relname='__EFMigrationsHistory'
)
2024-12-03 19:43:45.923 +02:00 [INF] Executed DbCommand (1ms) [Parameters=[], CommandType='"Text"', CommandTimeout='30']
SELECT EXISTS (
    SELECT 1 FROM pg_catalog.pg_class c
    JOIN pg_catalog.pg_namespace n ON n.oid=c.relnamespace
    WHERE n.nspname='public' AND
          c.relname='__EFMigrationsHistory'
)
2024-12-03 19:43:45.924 +02:00 [INF] Executed DbCommand (1ms) [Parameters=[], CommandType='"Text"', CommandTimeout='30']
SELECT "MigrationId", "ProductVersion"
FROM "__EFMigrationsHistory"
ORDER BY "MigrationId";
2024-12-03 19:43:45.933 +02:00 [INF] Applying migration '20241203173647_AddOwnerToRestaurants'.
2024-12-03 19:43:45.980 +02:00 [INF] Executed DbCommand (4ms) [Parameters=[], CommandType='"Text"', CommandTimeout='30']
ALTER TABLE "Restaurants" ADD "OwnerId" text NOT NULL DEFAULT '';
2024-12-03 19:43:45.986 +02:00 [ERR] Failed executing DbCommand (5ms) [Parameters=[], CommandType='"Text"', CommandTimeout='30']

    UPDATE "Restaurant"
    SET "OwnerId" = (SELECT "Id" FROM "AspNetUsers" LIMIT 1)
    WHERE "OwnerId" = ''
2024-12-03 19:43:53.975 +02:00 [WRN] The entity type 'Adress' is an optional dependent using table sharing without any required non shared property that could be used to identify whether the entity exists. If all nullable properties contain a null value in database then an object instance won't be created in the query. Add a required property to create instances with null values for other properties or mark the incoming navigation as required to always create an instance.
2024-12-03 19:43:54.429 +02:00 [INF] Executed DbCommand (38ms) [Parameters=[], CommandType='"Text"', CommandTimeout='30']
SELECT EXISTS (
    SELECT 1 FROM pg_catalog.pg_class c
    JOIN pg_catalog.pg_namespace n ON n.oid=c.relnamespace
    WHERE n.nspname='public' AND
          c.relname='__EFMigrationsHistory'
)
2024-12-03 19:43:54.445 +02:00 [INF] Executed DbCommand (3ms) [Parameters=[], CommandType='"Text"', CommandTimeout='30']
SELECT "MigrationId", "ProductVersion"
FROM "__EFMigrationsHistory"
ORDER BY "MigrationId";
2024-12-03 19:43:54.499 +02:00 [INF] Executed DbCommand (1ms) [Parameters=[], CommandType='"Text"', CommandTimeout='30']
SELECT EXISTS (
    SELECT 1 FROM pg_catalog.pg_class c
    JOIN pg_catalog.pg_namespace n ON n.oid=c.relnamespace
    WHERE n.nspname='public' AND
          c.relname='__EFMigrationsHistory'
)
2024-12-03 19:43:54.643 +02:00 [INF] Executed DbCommand (1ms) [Parameters=[], CommandType='"Text"', CommandTimeout='30']
SELECT EXISTS (
    SELECT 1 FROM pg_catalog.pg_class c
    JOIN pg_catalog.pg_namespace n ON n.oid=c.relnamespace
    WHERE n.nspname='public' AND
          c.relname='__EFMigrationsHistory'
)
2024-12-03 19:43:54.644 +02:00 [INF] Executed DbCommand (1ms) [Parameters=[], CommandType='"Text"', CommandTimeout='30']
SELECT "MigrationId", "ProductVersion"
FROM "__EFMigrationsHistory"
ORDER BY "MigrationId";
2024-12-03 19:43:54.652 +02:00 [INF] Applying migration '20241203173647_AddOwnerToRestaurants'.
2024-12-03 19:43:54.697 +02:00 [INF] Executed DbCommand (4ms) [Parameters=[], CommandType='"Text"', CommandTimeout='30']
ALTER TABLE "Restaurants" ADD "OwnerId" text NOT NULL DEFAULT '';
2024-12-03 19:43:54.719 +02:00 [INF] Executed DbCommand (22ms) [Parameters=[], CommandType='"Text"', CommandTimeout='30']

    UPDATE "Restaurants"
    SET "OwnerId" = (SELECT "Id" FROM "AspNetUsers" LIMIT 1)
    WHERE "OwnerId" = ''
2024-12-03 19:43:54.733 +02:00 [INF] Executed DbCommand (14ms) [Parameters=[], CommandType='"Text"', CommandTimeout='30']
CREATE INDEX "IX_Restaurants_OwnerId" ON "Restaurants" ("OwnerId");
2024-12-03 19:43:54.750 +02:00 [INF] Executed DbCommand (17ms) [Parameters=[], CommandType='"Text"', CommandTimeout='30']
ALTER TABLE "Restaurants" ADD CONSTRAINT "FK_Restaurants_AspNetUsers_OwnerId" FOREIGN KEY ("OwnerId") REFERENCES "AspNetUsers" ("Id") ON DELETE CASCADE;
2024-12-03 19:43:54.752 +02:00 [INF] Executed DbCommand (2ms) [Parameters=[], CommandType='"Text"', CommandTimeout='30']
INSERT INTO "__EFMigrationsHistory" ("MigrationId", "ProductVersion")
VALUES ('20241203173647_AddOwnerToRestaurants', '8.0.10');
