2025-01-16 16:32:57.482 +02:00 [WRN] The entity type 'Adress' is an optional dependent using table sharing without any required non shared property that could be used to identify whether the entity exists. If all nullable properties contain a null value in database then an object instance won't be created in the query. Add a required property to create instances with null values for other properties or mark the incoming navigation as required to always create an instance.
2025-01-16 16:32:58.353 +02:00 [INF] Executed DbCommand (35ms) [Parameters=[], CommandType='"Text"', CommandTimeout='30']
SELECT EXISTS (
    SELECT 1
    FROM "Restaurants" AS r)
2025-01-16 16:32:58.442 +02:00 [INF] Executed DbCommand (16ms) [Parameters=[], CommandType='"Text"', CommandTimeout='30']
SELECT EXISTS (
    SELECT 1
    FROM "AspNetUserRoles" AS a)
2025-01-16 16:33:00.653 +02:00 [INF] HTTP GET /swagger/index.html responded 200 in 75.2561 ms
2025-01-16 16:33:00.668 +02:00 [INF] HTTP GET /swagger/index.js responded 200 in 2.7359 ms
2025-01-16 16:33:00.676 +02:00 [INF] HTTP GET /swagger/swagger-ui-standalone-preset.js responded 304 in 10.9395 ms
2025-01-16 16:33:00.676 +02:00 [INF] HTTP GET /swagger/swagger-ui-bundle.js responded 304 in 10.6668 ms
2025-01-16 16:33:00.676 +02:00 [INF] HTTP GET /swagger/swagger-ui.css responded 304 in 10.8078 ms
2025-01-16 16:33:00.676 +02:00 [INF] HTTP GET /swagger/index.css responded 304 in 11.7932 ms
2025-01-16 16:33:01.003 +02:00 [INF] HTTP GET /swagger/v1/swagger.json responded 200 in 120.2990 ms
2025-01-16 16:33:56.100 +02:00 [INF] Get all restaurants
2025-01-16 16:33:56.218 +02:00 [INF] Executed DbCommand (19ms) [Parameters=[], CommandType='"Text"', CommandTimeout='30']
SELECT count(*)::int
FROM "Restaurants" AS r
2025-01-16 16:33:56.256 +02:00 [WRN] The query uses a row limiting operator ('Skip'/'Take') without an 'OrderBy' operator. This may lead to unpredictable results. If the 'Distinct' operator is used after 'OrderBy', then make sure to use the 'OrderBy' operator after 'Distinct' as the ordering would otherwise get erased.
2025-01-16 16:33:56.260 +02:00 [WRN] The query uses a row limiting operator ('Skip'/'Take') without an 'OrderBy' operator. This may lead to unpredictable results. If the 'Distinct' operator is used after 'OrderBy', then make sure to use the 'OrderBy' operator after 'Distinct' as the ordering would otherwise get erased.
2025-01-16 16:33:56.458 +02:00 [INF] Executed DbCommand (24ms) [Parameters=[@__p_1='?' (DbType = Int32), @__p_0='?' (DbType = Int32)], CommandType='"Text"', CommandTimeout='30']
SELECT t."Id", t."Category", t."ContactEmail", t."ContactNumber", t."Description", t."HasDelivery", t."Name", t."OwnerId", t."Adress_City", t."Adress_PostalCode", t."Adress_Street", d."Id", d."Description", d."KiloCalories", d."Name", d."Price", d."RestaurantId"
FROM (
    SELECT r."Id", r."Category", r."ContactEmail", r."ContactNumber", r."Description", r."HasDelivery", r."Name", r."OwnerId", r."Adress_City", r."Adress_PostalCode", r."Adress_Street"
    FROM "Restaurants" AS r
    LIMIT @__p_1 OFFSET @__p_0
) AS t
LEFT JOIN "Dishes" AS d ON t."Id" = d."RestaurantId"
ORDER BY t."Id"
2025-01-16 16:33:56.621 +02:00 [INF] HTTP GET /api/Restaurant responded 200 in 786.3673 ms
2025-01-16 16:34:11.893 +02:00 [INF] Create new Dish with parametr {"Name":"string","Description":"string","Price":0,"KiloCalories":0,"RestaurantId":34,"$type":"CreateDishCommand"}
2025-01-16 16:34:12.020 +02:00 [INF] Executed DbCommand (7ms) [Parameters=[@__id_0='?' (DbType = Int32)], CommandType='"Text"', CommandTimeout='30']
SELECT t."Id", t."Category", t."ContactEmail", t."ContactNumber", t."Description", t."HasDelivery", t."Name", t."OwnerId", t."Adress_City", t."Adress_PostalCode", t."Adress_Street", d."Id", d."Description", d."KiloCalories", d."Name", d."Price", d."RestaurantId"
FROM (
    SELECT r."Id", r."Category", r."ContactEmail", r."ContactNumber", r."Description", r."HasDelivery", r."Name", r."OwnerId", r."Adress_City", r."Adress_PostalCode", r."Adress_Street"
    FROM "Restaurants" AS r
    WHERE r."Id" = @__id_0
    LIMIT 1
) AS t
LEFT JOIN "Dishes" AS d ON t."Id" = d."RestaurantId"
ORDER BY t."Id"
2025-01-16 16:34:12.241 +02:00 [INF] Executed DbCommand (39ms) [Parameters=[@p0='?', @p1='?' (DbType = Int32), @p2='?', @p3='?' (DbType = Decimal), @p4='?' (DbType = Int32)], CommandType='"Text"', CommandTimeout='30']
INSERT INTO "Dishes" ("Description", "KiloCalories", "Name", "Price", "RestaurantId")
VALUES (@p0, @p1, @p2, @p3, @p4)
RETURNING "Id";
2025-01-16 16:34:12.294 +02:00 [INF] HTTP POST /api/restaurant/34/dishes responded 201 in 456.3135 ms
2025-01-16 16:34:20.099 +02:00 [INF] Create new Dish with parametr {"Name":"string","Description":"string","Price":0,"KiloCalories":0,"RestaurantId":34,"$type":"CreateDishCommand"}
2025-01-16 16:34:20.118 +02:00 [INF] Executed DbCommand (4ms) [Parameters=[@__id_0='?' (DbType = Int32)], CommandType='"Text"', CommandTimeout='30']
SELECT t."Id", t."Category", t."ContactEmail", t."ContactNumber", t."Description", t."HasDelivery", t."Name", t."OwnerId", t."Adress_City", t."Adress_PostalCode", t."Adress_Street", d."Id", d."Description", d."KiloCalories", d."Name", d."Price", d."RestaurantId"
FROM (
    SELECT r."Id", r."Category", r."ContactEmail", r."ContactNumber", r."Description", r."HasDelivery", r."Name", r."OwnerId", r."Adress_City", r."Adress_PostalCode", r."Adress_Street"
    FROM "Restaurants" AS r
    WHERE r."Id" = @__id_0
    LIMIT 1
) AS t
LEFT JOIN "Dishes" AS d ON t."Id" = d."RestaurantId"
ORDER BY t."Id"
2025-01-16 16:34:20.130 +02:00 [INF] Executed DbCommand (1ms) [Parameters=[@p0='?', @p1='?' (DbType = Int32), @p2='?', @p3='?' (DbType = Decimal), @p4='?' (DbType = Int32)], CommandType='"Text"', CommandTimeout='30']
INSERT INTO "Dishes" ("Description", "KiloCalories", "Name", "Price", "RestaurantId")
VALUES (@p0, @p1, @p2, @p3, @p4)
RETURNING "Id";
2025-01-16 16:34:20.136 +02:00 [INF] HTTP POST /api/restaurant/34/dishes responded 201 in 47.4059 ms
2025-01-16 16:34:29.696 +02:00 [INF] Create new Dish with parametr {"Name":"string","Description":"string","Price":0,"KiloCalories":0,"RestaurantId":8,"$type":"CreateDishCommand"}
2025-01-16 16:34:29.712 +02:00 [INF] Executed DbCommand (2ms) [Parameters=[@__id_0='?' (DbType = Int32)], CommandType='"Text"', CommandTimeout='30']
SELECT t."Id", t."Category", t."ContactEmail", t."ContactNumber", t."Description", t."HasDelivery", t."Name", t."OwnerId", t."Adress_City", t."Adress_PostalCode", t."Adress_Street", d."Id", d."Description", d."KiloCalories", d."Name", d."Price", d."RestaurantId"
FROM (
    SELECT r."Id", r."Category", r."ContactEmail", r."ContactNumber", r."Description", r."HasDelivery", r."Name", r."OwnerId", r."Adress_City", r."Adress_PostalCode", r."Adress_Street"
    FROM "Restaurants" AS r
    WHERE r."Id" = @__id_0
    LIMIT 1
) AS t
LEFT JOIN "Dishes" AS d ON t."Id" = d."RestaurantId"
ORDER BY t."Id"
2025-01-16 16:34:29.725 +02:00 [WRN] Restaurant with id = 8 doesn't exist
Restaurants.Domain.Exceptions.NotFoundException: Restaurant with id = 8 doesn't exist
   at Restaurants.Application.Dishes.Commands.CreateDish.CreateDishHandle.Handle(CreateDishCommand request, CancellationToken cancellationToken) in D:\C#\.net\NeverGiveUp\Restaurant\src\Restaurant.Application\Dishes\Commands\CreateDish\CreateDishHandle.cs:line 20
   at Restaurants.API.Controllers.DishController.CreateDish(Int32 restaurantId, CreateDishCommand command) in D:\C#\.net\NeverGiveUp\Restaurant\src\Restaurants.API\Controllers\DishController.cs:line 19
   at Microsoft.AspNetCore.Mvc.Infrastructure.ActionMethodExecutor.TaskOfIActionResultExecutor.Execute(ActionContext actionContext, IActionResultTypeMapper mapper, ObjectMethodExecutor executor, Object controller, Object[] arguments)
   at Microsoft.AspNetCore.Mvc.Infrastructure.ControllerActionInvoker.<InvokeActionMethodAsync>g__Awaited|12_0(ControllerActionInvoker invoker, ValueTask`1 actionResultValueTask)
   at Microsoft.AspNetCore.Mvc.Infrastructure.ControllerActionInvoker.<InvokeNextActionFilterAsync>g__Awaited|10_0(ControllerActionInvoker invoker, Task lastTask, State next, Scope scope, Object state, Boolean isCompleted)
   at Microsoft.AspNetCore.Mvc.Infrastructure.ControllerActionInvoker.Rethrow(ActionExecutedContextSealed context)
   at Microsoft.AspNetCore.Mvc.Infrastructure.ControllerActionInvoker.Next(State& next, Scope& scope, Object& state, Boolean& isCompleted)
   at Microsoft.AspNetCore.Mvc.Infrastructure.ControllerActionInvoker.<InvokeInnerFilterAsync>g__Awaited|13_0(ControllerActionInvoker invoker, Task lastTask, State next, Scope scope, Object state, Boolean isCompleted)
   at Microsoft.AspNetCore.Mvc.Infrastructure.ResourceInvoker.<InvokeFilterPipelineAsync>g__Awaited|20_0(ResourceInvoker invoker, Task lastTask, State next, Scope scope, Object state, Boolean isCompleted)
   at Microsoft.AspNetCore.Mvc.Infrastructure.ResourceInvoker.<InvokeAsync>g__Awaited|17_0(ResourceInvoker invoker, Task task, IDisposable scope)
   at Microsoft.AspNetCore.Mvc.Infrastructure.ResourceInvoker.<InvokeAsync>g__Awaited|17_0(ResourceInvoker invoker, Task task, IDisposable scope)
   at Microsoft.AspNetCore.Authorization.AuthorizationMiddleware.Invoke(HttpContext context)
   at Microsoft.AspNetCore.Authentication.AuthenticationMiddleware.Invoke(HttpContext context)
   at Restaurants.API.Middlewares.RequestTimeHandlingMiddle.InvokeAsync(HttpContext context, RequestDelegate next) in D:\C#\.net\NeverGiveUp\Restaurant\src\Restaurants.API\Middlewares\RequestTimeHandlingMiddle.cs:line 10
   at Microsoft.AspNetCore.Builder.UseMiddlewareExtensions.InterfaceMiddlewareBinder.<>c__DisplayClass2_0.<<CreateMiddleware>b__0>d.MoveNext()
--- End of stack trace from previous location ---
   at Restaurants.API.Middlewares.ErrorHandlingMiddle.InvokeAsync(HttpContext context, RequestDelegate next) in D:\C#\.net\NeverGiveUp\Restaurant\src\Restaurants.API\Middlewares\ErrorHandlingMiddle.cs:line 11
2025-01-16 16:34:29.912 +02:00 [INF] HTTP POST /api/restaurant/8/dishes responded 404 in 221.6004 ms
