2024-11-27 17:57:36.695 +02:00 [WRN] The entity type 'Adress' is an optional dependent using table sharing without any required non shared property that could be used to identify whether the entity exists. If all nullable properties contain a null value in database then an object instance won't be created in the query. Add a required property to create instances with null values for other properties or mark the incoming navigation as required to always create an instance.
2024-11-27 17:57:37.276 +02:00 [INF] Executed DbCommand (15ms) [Parameters=[], CommandType='"Text"', CommandTimeout='30']
SELECT EXISTS (
    SELECT 1
    FROM "Restaurants" AS r)
2024-11-27 17:57:39.424 +02:00 [INF] HTTP GET /swagger/index.html responded 200 in 72.4901 ms
2024-11-27 17:57:39.437 +02:00 [INF] HTTP GET /swagger/swagger-ui.css responded 304 in 6.8961 ms
2024-11-27 17:57:39.437 +02:00 [INF] HTTP GET /swagger/swagger-ui-bundle.js responded 304 in 6.5508 ms
2024-11-27 17:57:39.437 +02:00 [INF] HTTP GET /swagger/index.css responded 304 in 6.8232 ms
2024-11-27 17:57:39.462 +02:00 [INF] HTTP GET /swagger/index.js responded 200 in 0.4460 ms
2024-11-27 17:57:39.462 +02:00 [INF] HTTP GET /swagger/swagger-ui-standalone-preset.js responded 304 in 2.6621 ms
2024-11-27 17:57:39.767 +02:00 [INF] HTTP GET /swagger/v1/swagger.json responded 200 in 97.5456 ms
2024-11-27 17:58:36.255 +02:00 [INF] HTTP GET /api/Restaurant responded 401 in 32.2276 ms
2024-11-27 17:59:07.061 +02:00 [INF] Executed DbCommand (28ms) [Parameters=[@__normalizedUserName_0='?'], CommandType='"Text"', CommandTimeout='30']
SELECT a."Id", a."AccessFailedCount", a."BirthDay", a."ConcurrencyStamp", a."Email", a."EmailConfirmed", a."LockoutEnabled", a."LockoutEnd", a."Nationality", a."NormalizedEmail", a."NormalizedUserName", a."PasswordHash", a."PhoneNumber", a."PhoneNumberConfirmed", a."SecurityStamp", a."TwoFactorEnabled", a."UserName"
FROM "AspNetUsers" AS a
WHERE a."NormalizedUserName" = @__normalizedUserName_0
LIMIT 1
2024-11-27 17:59:07.425 +02:00 [INF] Executed DbCommand (6ms) [Parameters=[@__user_Id_0='?'], CommandType='"Text"', CommandTimeout='30']
SELECT a."Id", a."ClaimType", a."ClaimValue", a."UserId"
FROM "AspNetUserClaims" AS a
WHERE a."UserId" = @__user_Id_0
2024-11-27 17:59:07.448 +02:00 [INF] HTTP POST /api/identity/login responded 200 in 598.1795 ms
2024-11-27 17:59:37.889 +02:00 [INF] Get all restaurants
2024-11-27 17:59:38.062 +02:00 [INF] Executed DbCommand (10ms) [Parameters=[], CommandType='"Text"', CommandTimeout='30']
SELECT r."Id", r."Category", r."ContactEmail", r."ContactNumber", r."Description", r."HasDelivery", r."Name", r."Adress_City", r."Adress_PostalCode", r."Adress_Street", d."Id", d."Description", d."KiloCalories", d."Name", d."Price", d."RestaurantId"
FROM "Restaurants" AS r
LEFT JOIN "Dishes" AS d ON r."Id" = d."RestaurantId"
ORDER BY r."Id"
2024-11-27 17:59:38.186 +02:00 [INF] HTTP GET /api/Restaurant responded 200 in 433.3508 ms
2024-11-27 19:04:14.204 +02:00 [INF] HTTP GET /swagger/index.html responded 200 in 8.4621 ms
2024-11-27 19:04:14.241 +02:00 [INF] HTTP GET /swagger/index.js responded 200 in 0.6321 ms
2024-11-27 19:04:14.645 +02:00 [INF] HTTP GET /swagger/favicon-32x32.png responded 304 in 1.8494 ms
2024-11-27 19:04:14.678 +02:00 [INF] HTTP GET /swagger/v1/swagger.json responded 200 in 40.1392 ms
2024-11-27 19:37:31.202 +02:00 [WRN] The entity type 'Adress' is an optional dependent using table sharing without any required non shared property that could be used to identify whether the entity exists. If all nullable properties contain a null value in database then an object instance won't be created in the query. Add a required property to create instances with null values for other properties or mark the incoming navigation as required to always create an instance.
2024-11-27 19:37:32.195 +02:00 [INF] Executed DbCommand (24ms) [Parameters=[], CommandType='"Text"', CommandTimeout='30']
SELECT EXISTS (
    SELECT 1
    FROM "Restaurants" AS r)
2024-11-27 19:37:32.259 +02:00 [INF] Executed DbCommand (6ms) [Parameters=[], CommandType='"Text"', CommandTimeout='30']
SELECT EXISTS (
    SELECT 1
    FROM "AspNetUserRoles" AS a)
2024-11-27 19:37:32.443 +02:00 [INF] Executed DbCommand (19ms) [Parameters=[@p0='?', @p1='?', @p2='?', @p3='?', @p4='?', @p5='?', @p6='?', @p7='?', @p8='?', @p9='?', @p10='?', @p11='?'], CommandType='"Text"', CommandTimeout='30']
INSERT INTO "AspNetRoles" ("Id", "ConcurrencyStamp", "Name", "NormalizedName")
VALUES (@p0, @p1, @p2, @p3);
INSERT INTO "AspNetRoles" ("Id", "ConcurrencyStamp", "Name", "NormalizedName")
VALUES (@p4, @p5, @p6, @p7);
INSERT INTO "AspNetRoles" ("Id", "ConcurrencyStamp", "Name", "NormalizedName")
VALUES (@p8, @p9, @p10, @p11);
2024-11-27 19:37:33.286 +02:00 [INF] HTTP GET /swagger/index.html responded 200 in 76.5428 ms
2024-11-27 19:37:33.304 +02:00 [INF] HTTP GET /swagger/index.js responded 200 in 2.3864 ms
2024-11-27 19:37:33.585 +02:00 [INF] HTTP GET /swagger/v1/swagger.json responded 200 in 108.1250 ms
2024-11-27 19:40:11.689 +02:00 [WRN] The entity type 'Adress' is an optional dependent using table sharing without any required non shared property that could be used to identify whether the entity exists. If all nullable properties contain a null value in database then an object instance won't be created in the query. Add a required property to create instances with null values for other properties or mark the incoming navigation as required to always create an instance.
2024-11-27 19:40:12.442 +02:00 [INF] Executed DbCommand (22ms) [Parameters=[], CommandType='"Text"', CommandTimeout='30']
SELECT EXISTS (
    SELECT 1
    FROM "Restaurants" AS r)
2024-11-27 19:40:12.497 +02:00 [INF] Executed DbCommand (4ms) [Parameters=[], CommandType='"Text"', CommandTimeout='30']
SELECT EXISTS (
    SELECT 1
    FROM "AspNetUserRoles" AS a)
2024-11-27 19:40:13.150 +02:00 [INF] HTTP GET /swagger/index.html responded 200 in 66.7138 ms
2024-11-27 19:40:13.160 +02:00 [INF] HTTP GET /swagger/index.js responded 200 in 1.9947 ms
2024-11-27 19:40:13.365 +02:00 [INF] HTTP GET /swagger/v1/swagger.json responded 200 in 110.5087 ms
2024-11-27 19:40:54.312 +02:00 [INF] HTTP GET /api/Restaurant/1 responded 401 in 28.8424 ms
2024-11-27 19:41:33.454 +02:00 [INF] Executed DbCommand (20ms) [Parameters=[@__normalizedUserName_0='?'], CommandType='"Text"', CommandTimeout='30']
SELECT a."Id", a."AccessFailedCount", a."BirthDay", a."ConcurrencyStamp", a."Email", a."EmailConfirmed", a."LockoutEnabled", a."LockoutEnd", a."Nationality", a."NormalizedEmail", a."NormalizedUserName", a."PasswordHash", a."PhoneNumber", a."PhoneNumberConfirmed", a."SecurityStamp", a."TwoFactorEnabled", a."UserName"
FROM "AspNetUsers" AS a
WHERE a."NormalizedUserName" = @__normalizedUserName_0
LIMIT 1
2024-11-27 19:41:33.832 +02:00 [INF] Executed DbCommand (1ms) [Parameters=[@__normalizedUserName_0='?'], CommandType='"Text"', CommandTimeout='30']
SELECT a."Id", a."AccessFailedCount", a."BirthDay", a."ConcurrencyStamp", a."Email", a."EmailConfirmed", a."LockoutEnabled", a."LockoutEnd", a."Nationality", a."NormalizedEmail", a."NormalizedUserName", a."PasswordHash", a."PhoneNumber", a."PhoneNumberConfirmed", a."SecurityStamp", a."TwoFactorEnabled", a."UserName"
FROM "AspNetUsers" AS a
WHERE a."NormalizedUserName" = @__normalizedUserName_0
LIMIT 1
2024-11-27 19:41:33.981 +02:00 [INF] Executed DbCommand (15ms) [Parameters=[@p16='?', @p0='?' (DbType = Int32), @p1='?' (DbType = DateTime), @p2='?', @p17='?', @p3='?', @p4='?' (DbType = Boolean), @p5='?' (DbType = Boolean), @p6='?' (DbType = DateTime), @p7='?', @p8='?', @p9='?', @p10='?', @p11='?', @p12='?' (DbType = Boolean), @p13='?', @p14='?' (DbType = Boolean), @p15='?'], CommandType='"Text"', CommandTimeout='30']
UPDATE "AspNetUsers" SET "AccessFailedCount" = @p0, "BirthDay" = @p1, "ConcurrencyStamp" = @p2, "Email" = @p3, "EmailConfirmed" = @p4, "LockoutEnabled" = @p5, "LockoutEnd" = @p6, "Nationality" = @p7, "NormalizedEmail" = @p8, "NormalizedUserName" = @p9, "PasswordHash" = @p10, "PhoneNumber" = @p11, "PhoneNumberConfirmed" = @p12, "SecurityStamp" = @p13, "TwoFactorEnabled" = @p14, "UserName" = @p15
WHERE "Id" = @p16 AND "ConcurrencyStamp" = @p17;
2024-11-27 19:41:34.021 +02:00 [INF] HTTP POST /api/identity/login responded 401 in 773.3085 ms
2024-11-27 19:42:02.363 +02:00 [INF] Executed DbCommand (1ms) [Parameters=[@__normalizedUserName_0='?'], CommandType='"Text"', CommandTimeout='30']
SELECT a."Id", a."AccessFailedCount", a."BirthDay", a."ConcurrencyStamp", a."Email", a."EmailConfirmed", a."LockoutEnabled", a."LockoutEnd", a."Nationality", a."NormalizedEmail", a."NormalizedUserName", a."PasswordHash", a."PhoneNumber", a."PhoneNumberConfirmed", a."SecurityStamp", a."TwoFactorEnabled", a."UserName"
FROM "AspNetUsers" AS a
WHERE a."NormalizedUserName" = @__normalizedUserName_0
LIMIT 1
2024-11-27 19:42:02.516 +02:00 [INF] Executed DbCommand (1ms) [Parameters=[@__normalizedUserName_0='?'], CommandType='"Text"', CommandTimeout='30']
SELECT a."Id", a."AccessFailedCount", a."BirthDay", a."ConcurrencyStamp", a."Email", a."EmailConfirmed", a."LockoutEnabled", a."LockoutEnd", a."Nationality", a."NormalizedEmail", a."NormalizedUserName", a."PasswordHash", a."PhoneNumber", a."PhoneNumberConfirmed", a."SecurityStamp", a."TwoFactorEnabled", a."UserName"
FROM "AspNetUsers" AS a
WHERE a."NormalizedUserName" = @__normalizedUserName_0
LIMIT 1
2024-11-27 19:42:02.528 +02:00 [INF] Executed DbCommand (1ms) [Parameters=[@p16='?', @p0='?' (DbType = Int32), @p1='?' (DbType = DateTime), @p2='?', @p17='?', @p3='?', @p4='?' (DbType = Boolean), @p5='?' (DbType = Boolean), @p6='?' (DbType = DateTime), @p7='?', @p8='?', @p9='?', @p10='?', @p11='?', @p12='?' (DbType = Boolean), @p13='?', @p14='?' (DbType = Boolean), @p15='?'], CommandType='"Text"', CommandTimeout='30']
UPDATE "AspNetUsers" SET "AccessFailedCount" = @p0, "BirthDay" = @p1, "ConcurrencyStamp" = @p2, "Email" = @p3, "EmailConfirmed" = @p4, "LockoutEnabled" = @p5, "LockoutEnd" = @p6, "Nationality" = @p7, "NormalizedEmail" = @p8, "NormalizedUserName" = @p9, "PasswordHash" = @p10, "PhoneNumber" = @p11, "PhoneNumberConfirmed" = @p12, "SecurityStamp" = @p13, "TwoFactorEnabled" = @p14, "UserName" = @p15
WHERE "Id" = @p16 AND "ConcurrencyStamp" = @p17;
2024-11-27 19:42:02.539 +02:00 [INF] HTTP POST /api/identity/login responded 401 in 269.0012 ms
2024-11-27 19:42:21.494 +02:00 [WRN] The entity type 'Adress' is an optional dependent using table sharing without any required non shared property that could be used to identify whether the entity exists. If all nullable properties contain a null value in database then an object instance won't be created in the query. Add a required property to create instances with null values for other properties or mark the incoming navigation as required to always create an instance.
2024-11-27 19:42:22.326 +02:00 [INF] Executed DbCommand (20ms) [Parameters=[], CommandType='"Text"', CommandTimeout='30']
SELECT EXISTS (
    SELECT 1
    FROM "Restaurants" AS r)
2024-11-27 19:42:22.384 +02:00 [INF] Executed DbCommand (3ms) [Parameters=[], CommandType='"Text"', CommandTimeout='30']
SELECT EXISTS (
    SELECT 1
    FROM "AspNetUserRoles" AS a)
2024-11-27 19:42:22.920 +02:00 [INF] HTTP GET /swagger/index.html responded 200 in 73.5311 ms
2024-11-27 19:42:22.935 +02:00 [INF] HTTP GET /swagger/index.js responded 200 in 2.0360 ms
2024-11-27 19:42:23.186 +02:00 [INF] HTTP GET /swagger/v1/swagger.json responded 200 in 116.8437 ms
2024-11-27 19:42:32.731 +02:00 [INF] Get all restaurants
2024-11-27 19:42:32.968 +02:00 [INF] Executed DbCommand (13ms) [Parameters=[], CommandType='"Text"', CommandTimeout='30']
SELECT r."Id", r."Category", r."ContactEmail", r."ContactNumber", r."Description", r."HasDelivery", r."Name", r."Adress_City", r."Adress_PostalCode", r."Adress_Street", d."Id", d."Description", d."KiloCalories", d."Name", d."Price", d."RestaurantId"
FROM "Restaurants" AS r
LEFT JOIN "Dishes" AS d ON r."Id" = d."RestaurantId"
ORDER BY r."Id"
2024-11-27 19:42:33.141 +02:00 [INF] HTTP GET /api/Restaurant responded 200 in 577.9775 ms
2024-11-27 19:42:51.539 +02:00 [INF] Executed DbCommand (14ms) [Parameters=[@__normalizedUserName_0='?'], CommandType='"Text"', CommandTimeout='30']
SELECT a."Id", a."AccessFailedCount", a."BirthDay", a."ConcurrencyStamp", a."Email", a."EmailConfirmed", a."LockoutEnabled", a."LockoutEnd", a."Nationality", a."NormalizedEmail", a."NormalizedUserName", a."PasswordHash", a."PhoneNumber", a."PhoneNumberConfirmed", a."SecurityStamp", a."TwoFactorEnabled", a."UserName"
FROM "AspNetUsers" AS a
WHERE a."NormalizedUserName" = @__normalizedUserName_0
LIMIT 1
2024-11-27 19:42:51.765 +02:00 [INF] Executed DbCommand (3ms) [Parameters=[@__normalizedUserName_0='?'], CommandType='"Text"', CommandTimeout='30']
SELECT a."Id", a."AccessFailedCount", a."BirthDay", a."ConcurrencyStamp", a."Email", a."EmailConfirmed", a."LockoutEnabled", a."LockoutEnd", a."Nationality", a."NormalizedEmail", a."NormalizedUserName", a."PasswordHash", a."PhoneNumber", a."PhoneNumberConfirmed", a."SecurityStamp", a."TwoFactorEnabled", a."UserName"
FROM "AspNetUsers" AS a
WHERE a."NormalizedUserName" = @__normalizedUserName_0
LIMIT 1
2024-11-27 19:42:51.911 +02:00 [INF] Executed DbCommand (8ms) [Parameters=[@p16='?', @p0='?' (DbType = Int32), @p1='?' (DbType = DateTime), @p2='?', @p17='?', @p3='?', @p4='?' (DbType = Boolean), @p5='?' (DbType = Boolean), @p6='?' (DbType = DateTime), @p7='?', @p8='?', @p9='?', @p10='?', @p11='?', @p12='?' (DbType = Boolean), @p13='?', @p14='?' (DbType = Boolean), @p15='?'], CommandType='"Text"', CommandTimeout='30']
UPDATE "AspNetUsers" SET "AccessFailedCount" = @p0, "BirthDay" = @p1, "ConcurrencyStamp" = @p2, "Email" = @p3, "EmailConfirmed" = @p4, "LockoutEnabled" = @p5, "LockoutEnd" = @p6, "Nationality" = @p7, "NormalizedEmail" = @p8, "NormalizedUserName" = @p9, "PasswordHash" = @p10, "PhoneNumber" = @p11, "PhoneNumberConfirmed" = @p12, "SecurityStamp" = @p13, "TwoFactorEnabled" = @p14, "UserName" = @p15
WHERE "Id" = @p16 AND "ConcurrencyStamp" = @p17;
2024-11-27 19:42:51.950 +02:00 [INF] HTTP POST /api/identity/login responded 401 in 565.9935 ms
2024-11-27 19:43:00.117 +02:00 [INF] HTTP POST /api/identity/register responded 400 in 20.4333 ms
2024-11-27 19:43:01.932 +02:00 [INF] HTTP POST /api/identity/register responded 400 in 2.2529 ms
2024-11-27 19:43:17.375 +02:00 [INF] HTTP POST /api/identity/register responded 400 in 16.7795 ms
2024-11-27 19:43:36.802 +02:00 [INF] Executed DbCommand (1ms) [Parameters=[@__normalizedUserName_0='?'], CommandType='"Text"', CommandTimeout='30']
SELECT a."Id", a."AccessFailedCount", a."BirthDay", a."ConcurrencyStamp", a."Email", a."EmailConfirmed", a."LockoutEnabled", a."LockoutEnd", a."Nationality", a."NormalizedEmail", a."NormalizedUserName", a."PasswordHash", a."PhoneNumber", a."PhoneNumberConfirmed", a."SecurityStamp", a."TwoFactorEnabled", a."UserName"
FROM "AspNetUsers" AS a
WHERE a."NormalizedUserName" = @__normalizedUserName_0
LIMIT 1
2024-11-27 19:43:36.837 +02:00 [INF] Executed DbCommand (2ms) [Parameters=[@p0='?', @p1='?' (DbType = Int32), @p2='?' (DbType = DateTime), @p3='?', @p4='?', @p5='?' (DbType = Boolean), @p6='?' (DbType = Boolean), @p7='?' (DbType = DateTime), @p8='?', @p9='?', @p10='?', @p11='?', @p12='?', @p13='?' (DbType = Boolean), @p14='?', @p15='?' (DbType = Boolean), @p16='?'], CommandType='"Text"', CommandTimeout='30']
INSERT INTO "AspNetUsers" ("Id", "AccessFailedCount", "BirthDay", "ConcurrencyStamp", "Email", "EmailConfirmed", "LockoutEnabled", "LockoutEnd", "Nationality", "NormalizedEmail", "NormalizedUserName", "PasswordHash", "PhoneNumber", "PhoneNumberConfirmed", "SecurityStamp", "TwoFactorEnabled", "UserName")
VALUES (@p0, @p1, @p2, @p3, @p4, @p5, @p6, @p7, @p8, @p9, @p10, @p11, @p12, @p13, @p14, @p15, @p16);
2024-11-27 19:43:36.856 +02:00 [INF] HTTP POST /api/identity/register responded 200 in 167.9113 ms
2024-11-27 19:44:01.953 +02:00 [INF] Executed DbCommand (1ms) [Parameters=[@__normalizedUserName_0='?'], CommandType='"Text"', CommandTimeout='30']
SELECT a."Id", a."AccessFailedCount", a."BirthDay", a."ConcurrencyStamp", a."Email", a."EmailConfirmed", a."LockoutEnabled", a."LockoutEnd", a."Nationality", a."NormalizedEmail", a."NormalizedUserName", a."PasswordHash", a."PhoneNumber", a."PhoneNumberConfirmed", a."SecurityStamp", a."TwoFactorEnabled", a."UserName"
FROM "AspNetUsers" AS a
WHERE a."NormalizedUserName" = @__normalizedUserName_0
LIMIT 1
2024-11-27 19:44:02.102 +02:00 [INF] Executed DbCommand (4ms) [Parameters=[@__user_Id_0='?'], CommandType='"Text"', CommandTimeout='30']
SELECT a."Id", a."ClaimType", a."ClaimValue", a."UserId"
FROM "AspNetUserClaims" AS a
WHERE a."UserId" = @__user_Id_0
2024-11-27 19:44:02.141 +02:00 [INF] Executed DbCommand (6ms) [Parameters=[@__userId_0='?'], CommandType='"Text"', CommandTimeout='30']
SELECT a0."Name"
FROM "AspNetUserRoles" AS a
INNER JOIN "AspNetRoles" AS a0 ON a."RoleId" = a0."Id"
WHERE a."UserId" = @__userId_0
2024-11-27 19:44:02.162 +02:00 [INF] HTTP POST /api/identity/login responded 200 in 212.7353 ms
2024-11-27 19:44:43.594 +02:00 [INF] HTTP GET /api/Restaurant/1 responded 403 in 13.7162 ms
2024-11-27 19:45:24.948 +02:00 [INF] Executed DbCommand (31ms) [Parameters=[@__normalizedUserName_0='?'], CommandType='"Text"', CommandTimeout='30']
SELECT a."Id", a."AccessFailedCount", a."BirthDay", a."ConcurrencyStamp", a."Email", a."EmailConfirmed", a."LockoutEnabled", a."LockoutEnd", a."Nationality", a."NormalizedEmail", a."NormalizedUserName", a."PasswordHash", a."PhoneNumber", a."PhoneNumberConfirmed", a."SecurityStamp", a."TwoFactorEnabled", a."UserName"
FROM "AspNetUsers" AS a
WHERE a."NormalizedUserName" = @__normalizedUserName_0
LIMIT 1
2024-11-27 19:45:25.066 +02:00 [INF] Executed DbCommand (1ms) [Parameters=[@__user_Id_0='?'], CommandType='"Text"', CommandTimeout='30']
SELECT a."Id", a."ClaimType", a."ClaimValue", a."UserId"
FROM "AspNetUserClaims" AS a
WHERE a."UserId" = @__user_Id_0
2024-11-27 19:45:25.074 +02:00 [INF] Executed DbCommand (1ms) [Parameters=[@__userId_0='?'], CommandType='"Text"', CommandTimeout='30']
SELECT a0."Name"
FROM "AspNetUserRoles" AS a
INNER JOIN "AspNetRoles" AS a0 ON a."RoleId" = a0."Id"
WHERE a."UserId" = @__userId_0
2024-11-27 19:45:25.089 +02:00 [INF] Executed DbCommand (1ms) [Parameters=[@__normalizedName_0='?'], CommandType='"Text"', CommandTimeout='30']
SELECT a."Id", a."ConcurrencyStamp", a."Name", a."NormalizedName"
FROM "AspNetRoles" AS a
WHERE a."NormalizedName" = @__normalizedName_0
LIMIT 1
2024-11-27 19:45:25.140 +02:00 [INF] Executed DbCommand (24ms) [Parameters=[@__role_Id_0='?'], CommandType='"Text"', CommandTimeout='30']
SELECT a."ClaimType", a."ClaimValue"
FROM "AspNetRoleClaims" AS a
WHERE a."RoleId" = @__role_Id_0
2024-11-27 19:45:25.148 +02:00 [INF] HTTP POST /api/identity/login responded 200 in 242.9311 ms
2024-11-27 19:45:41.570 +02:00 [INF] Get restaurants with id = 1
2024-11-27 19:45:41.600 +02:00 [INF] Executed DbCommand (1ms) [Parameters=[@__id_0='?' (DbType = Int32)], CommandType='"Text"', CommandTimeout='30']
SELECT t."Id", t."Category", t."ContactEmail", t."ContactNumber", t."Description", t."HasDelivery", t."Name", t."Adress_City", t."Adress_PostalCode", t."Adress_Street", d."Id", d."Description", d."KiloCalories", d."Name", d."Price", d."RestaurantId"
FROM (
    SELECT r."Id", r."Category", r."ContactEmail", r."ContactNumber", r."Description", r."HasDelivery", r."Name", r."Adress_City", r."Adress_PostalCode", r."Adress_Street"
    FROM "Restaurants" AS r
    WHERE r."Id" = @__id_0
    LIMIT 1
) AS t
LEFT JOIN "Dishes" AS d ON t."Id" = d."RestaurantId"
ORDER BY t."Id"
2024-11-27 19:45:41.615 +02:00 [INF] HTTP GET /api/Restaurant/1 responded 200 in 106.8494 ms
2024-11-27 19:46:16.196 +02:00 [INF] Assign user roles: {"Email":"User@gmail.com","Role":"User","$type":"AssignUserRolesCommand"}
2024-11-27 19:46:16.217 +02:00 [INF] Executed DbCommand (1ms) [Parameters=[@__normalizedEmail_0='?'], CommandType='"Text"', CommandTimeout='30']
SELECT a."Id", a."AccessFailedCount", a."BirthDay", a."ConcurrencyStamp", a."Email", a."EmailConfirmed", a."LockoutEnabled", a."LockoutEnd", a."Nationality", a."NormalizedEmail", a."NormalizedUserName", a."PasswordHash", a."PhoneNumber", a."PhoneNumberConfirmed", a."SecurityStamp", a."TwoFactorEnabled", a."UserName"
FROM "AspNetUsers" AS a
WHERE a."NormalizedEmail" = @__normalizedEmail_0
LIMIT 2
2024-11-27 19:46:16.226 +02:00 [INF] Executed DbCommand (1ms) [Parameters=[@__normalizedName_0='?'], CommandType='"Text"', CommandTimeout='30']
SELECT a."Id", a."ConcurrencyStamp", a."Name", a."NormalizedName"
FROM "AspNetRoles" AS a
WHERE a."NormalizedName" = @__normalizedName_0
LIMIT 1
2024-11-27 19:46:16.244 +02:00 [INF] Executed DbCommand (1ms) [Parameters=[@__normalizedRoleName_0='?'], CommandType='"Text"', CommandTimeout='30']
SELECT a."Id", a."ConcurrencyStamp", a."Name", a."NormalizedName"
FROM "AspNetRoles" AS a
WHERE a."NormalizedName" = @__normalizedRoleName_0
LIMIT 2
2024-11-27 19:46:16.276 +02:00 [INF] Executed DbCommand (1ms) [Parameters=[@__p_0='?', @__p_1='?'], CommandType='"Text"', CommandTimeout='30']
SELECT a."UserId", a."RoleId"
FROM "AspNetUserRoles" AS a
WHERE a."UserId" = @__p_0 AND a."RoleId" = @__p_1
LIMIT 1
2024-11-27 19:46:16.285 +02:00 [INF] Executed DbCommand (1ms) [Parameters=[@__normalizedRoleName_0='?'], CommandType='"Text"', CommandTimeout='30']
SELECT a."Id", a."ConcurrencyStamp", a."Name", a."NormalizedName"
FROM "AspNetRoles" AS a
WHERE a."NormalizedName" = @__normalizedRoleName_0
LIMIT 2
2024-11-27 19:46:16.306 +02:00 [INF] Executed DbCommand (1ms) [Parameters=[@__normalizedUserName_0='?'], CommandType='"Text"', CommandTimeout='30']
SELECT a."Id", a."AccessFailedCount", a."BirthDay", a."ConcurrencyStamp", a."Email", a."EmailConfirmed", a."LockoutEnabled", a."LockoutEnd", a."Nationality", a."NormalizedEmail", a."NormalizedUserName", a."PasswordHash", a."PhoneNumber", a."PhoneNumberConfirmed", a."SecurityStamp", a."TwoFactorEnabled", a."UserName"
FROM "AspNetUsers" AS a
WHERE a."NormalizedUserName" = @__normalizedUserName_0
LIMIT 1
2024-11-27 19:46:16.340 +02:00 [INF] Executed DbCommand (4ms) [Parameters=[@p0='?', @p1='?', @p18='?', @p2='?' (DbType = Int32), @p3='?' (DbType = DateTime), @p4='?', @p19='?', @p5='?', @p6='?' (DbType = Boolean), @p7='?' (DbType = Boolean), @p8='?' (DbType = DateTime), @p9='?', @p10='?', @p11='?', @p12='?', @p13='?', @p14='?' (DbType = Boolean), @p15='?', @p16='?' (DbType = Boolean), @p17='?'], CommandType='"Text"', CommandTimeout='30']
INSERT INTO "AspNetUserRoles" ("RoleId", "UserId")
VALUES (@p0, @p1);
UPDATE "AspNetUsers" SET "AccessFailedCount" = @p2, "BirthDay" = @p3, "ConcurrencyStamp" = @p4, "Email" = @p5, "EmailConfirmed" = @p6, "LockoutEnabled" = @p7, "LockoutEnd" = @p8, "Nationality" = @p9, "NormalizedEmail" = @p10, "NormalizedUserName" = @p11, "PasswordHash" = @p12, "PhoneNumber" = @p13, "PhoneNumberConfirmed" = @p14, "SecurityStamp" = @p15, "TwoFactorEnabled" = @p16, "UserName" = @p17
WHERE "Id" = @p18 AND "ConcurrencyStamp" = @p19;
2024-11-27 19:46:16.362 +02:00 [INF] HTTP POST /api/identity/roles responded 204 in 212.8578 ms
2024-11-27 19:59:51.177 +02:00 [INF] HTTP GET /swagger/index.html responded 200 in 0.6475 ms
2024-11-27 19:59:51.198 +02:00 [INF] HTTP GET /swagger/index.js responded 200 in 2.0843 ms
2024-11-27 19:59:51.545 +02:00 [INF] HTTP GET /swagger/v1/swagger.json responded 200 in 60.4436 ms
2024-11-27 20:00:26.375 +02:00 [WRN] The entity type 'Adress' is an optional dependent using table sharing without any required non shared property that could be used to identify whether the entity exists. If all nullable properties contain a null value in database then an object instance won't be created in the query. Add a required property to create instances with null values for other properties or mark the incoming navigation as required to always create an instance.
2024-11-27 20:00:27.221 +02:00 [INF] Executed DbCommand (37ms) [Parameters=[], CommandType='"Text"', CommandTimeout='30']
SELECT EXISTS (
    SELECT 1
    FROM "Restaurants" AS r)
2024-11-27 20:00:27.284 +02:00 [INF] Executed DbCommand (6ms) [Parameters=[], CommandType='"Text"', CommandTimeout='30']
SELECT EXISTS (
    SELECT 1
    FROM "AspNetUserRoles" AS a)
2024-11-27 20:00:27.885 +02:00 [INF] HTTP GET /swagger/index.html responded 200 in 68.0005 ms
2024-11-27 20:00:27.896 +02:00 [INF] HTTP GET /swagger/index.js responded 200 in 1.8388 ms
2024-11-27 20:00:28.135 +02:00 [INF] HTTP GET /swagger/v1/swagger.json responded 200 in 111.1175 ms
2024-11-27 20:00:53.887 +02:00 [INF] HTTP DELETE /api/identity/unAssign responded 401 in 34.6326 ms
2024-11-27 20:01:23.515 +02:00 [INF] Executed DbCommand (18ms) [Parameters=[@__normalizedUserName_0='?'], CommandType='"Text"', CommandTimeout='30']
SELECT a."Id", a."AccessFailedCount", a."BirthDay", a."ConcurrencyStamp", a."Email", a."EmailConfirmed", a."LockoutEnabled", a."LockoutEnd", a."Nationality", a."NormalizedEmail", a."NormalizedUserName", a."PasswordHash", a."PhoneNumber", a."PhoneNumberConfirmed", a."SecurityStamp", a."TwoFactorEnabled", a."UserName"
FROM "AspNetUsers" AS a
WHERE a."NormalizedUserName" = @__normalizedUserName_0
LIMIT 1
2024-11-27 20:01:23.834 +02:00 [INF] Executed DbCommand (8ms) [Parameters=[@__user_Id_0='?'], CommandType='"Text"', CommandTimeout='30']
SELECT a."Id", a."ClaimType", a."ClaimValue", a."UserId"
FROM "AspNetUserClaims" AS a
WHERE a."UserId" = @__user_Id_0
2024-11-27 20:01:23.880 +02:00 [INF] Executed DbCommand (4ms) [Parameters=[@__userId_0='?'], CommandType='"Text"', CommandTimeout='30']
SELECT a0."Name"
FROM "AspNetUserRoles" AS a
INNER JOIN "AspNetRoles" AS a0 ON a."RoleId" = a0."Id"
WHERE a."UserId" = @__userId_0
2024-11-27 20:01:23.899 +02:00 [INF] Executed DbCommand (1ms) [Parameters=[@__normalizedName_0='?'], CommandType='"Text"', CommandTimeout='30']
SELECT a."Id", a."ConcurrencyStamp", a."Name", a."NormalizedName"
FROM "AspNetRoles" AS a
WHERE a."NormalizedName" = @__normalizedName_0
LIMIT 1
2024-11-27 20:01:23.938 +02:00 [INF] Executed DbCommand (5ms) [Parameters=[@__role_Id_0='?'], CommandType='"Text"', CommandTimeout='30']
SELECT a."ClaimType", a."ClaimValue"
FROM "AspNetRoleClaims" AS a
WHERE a."RoleId" = @__role_Id_0
2024-11-27 20:01:23.960 +02:00 [INF] HTTP POST /api/identity/login responded 200 in 644.6399 ms
2024-11-27 20:01:58.978 +02:00 [INF] UnAssign user roles: {"Email":"User@gmail.com","Role":"User","$type":"UnAssignUserRolesCommand"}
2024-11-27 20:01:59.075 +02:00 [INF] Executed DbCommand (1ms) [Parameters=[@__normalizedEmail_0='?'], CommandType='"Text"', CommandTimeout='30']
SELECT a."Id", a."AccessFailedCount", a."BirthDay", a."ConcurrencyStamp", a."Email", a."EmailConfirmed", a."LockoutEnabled", a."LockoutEnd", a."Nationality", a."NormalizedEmail", a."NormalizedUserName", a."PasswordHash", a."PhoneNumber", a."PhoneNumberConfirmed", a."SecurityStamp", a."TwoFactorEnabled", a."UserName"
FROM "AspNetUsers" AS a
WHERE a."NormalizedEmail" = @__normalizedEmail_0
LIMIT 2
2024-11-27 20:01:59.090 +02:00 [INF] Executed DbCommand (1ms) [Parameters=[@__normalizedName_0='?'], CommandType='"Text"', CommandTimeout='30']
SELECT a."Id", a."ConcurrencyStamp", a."Name", a."NormalizedName"
FROM "AspNetRoles" AS a
WHERE a."NormalizedName" = @__normalizedName_0
LIMIT 1
2024-11-27 20:01:59.110 +02:00 [INF] Executed DbCommand (1ms) [Parameters=[@__normalizedRoleName_0='?'], CommandType='"Text"', CommandTimeout='30']
SELECT a."Id", a."ConcurrencyStamp", a."Name", a."NormalizedName"
FROM "AspNetRoles" AS a
WHERE a."NormalizedName" = @__normalizedRoleName_0
LIMIT 2
2024-11-27 20:01:59.143 +02:00 [INF] Executed DbCommand (1ms) [Parameters=[@__p_0='?', @__p_1='?'], CommandType='"Text"', CommandTimeout='30']
SELECT a."UserId", a."RoleId"
FROM "AspNetUserRoles" AS a
WHERE a."UserId" = @__p_0 AND a."RoleId" = @__p_1
LIMIT 1
2024-11-27 20:01:59.174 +02:00 [INF] Executed DbCommand (2ms) [Parameters=[@__normalizedRoleName_0='?'], CommandType='"Text"', CommandTimeout='30']
SELECT a."Id", a."ConcurrencyStamp", a."Name", a."NormalizedName"
FROM "AspNetRoles" AS a
WHERE a."NormalizedName" = @__normalizedRoleName_0
LIMIT 2
2024-11-27 20:01:59.205 +02:00 [INF] Executed DbCommand (1ms) [Parameters=[@__normalizedUserName_0='?'], CommandType='"Text"', CommandTimeout='30']
SELECT a."Id", a."AccessFailedCount", a."BirthDay", a."ConcurrencyStamp", a."Email", a."EmailConfirmed", a."LockoutEnabled", a."LockoutEnd", a."Nationality", a."NormalizedEmail", a."NormalizedUserName", a."PasswordHash", a."PhoneNumber", a."PhoneNumberConfirmed", a."SecurityStamp", a."TwoFactorEnabled", a."UserName"
FROM "AspNetUsers" AS a
WHERE a."NormalizedUserName" = @__normalizedUserName_0
LIMIT 1
2024-11-27 20:01:59.378 +02:00 [INF] Executed DbCommand (28ms) [Parameters=[@p0='?', @p1='?', @p18='?', @p2='?' (DbType = Int32), @p3='?' (DbType = DateTime), @p4='?', @p19='?', @p5='?', @p6='?' (DbType = Boolean), @p7='?' (DbType = Boolean), @p8='?' (DbType = DateTime), @p9='?', @p10='?', @p11='?', @p12='?', @p13='?', @p14='?' (DbType = Boolean), @p15='?', @p16='?' (DbType = Boolean), @p17='?'], CommandType='"Text"', CommandTimeout='30']
DELETE FROM "AspNetUserRoles"
WHERE "RoleId" = @p0 AND "UserId" = @p1;
UPDATE "AspNetUsers" SET "AccessFailedCount" = @p2, "BirthDay" = @p3, "ConcurrencyStamp" = @p4, "Email" = @p5, "EmailConfirmed" = @p6, "LockoutEnabled" = @p7, "LockoutEnd" = @p8, "Nationality" = @p9, "NormalizedEmail" = @p10, "NormalizedUserName" = @p11, "PasswordHash" = @p12, "PhoneNumber" = @p13, "PhoneNumberConfirmed" = @p14, "SecurityStamp" = @p15, "TwoFactorEnabled" = @p16, "UserName" = @p17
WHERE "Id" = @p18 AND "ConcurrencyStamp" = @p19;
2024-11-27 20:01:59.420 +02:00 [INF] HTTP DELETE /api/identity/unAssign responded 204 in 537.4081 ms
2024-11-27 20:02:13.741 +02:00 [INF] UnAssign user roles: {"Email":"User@gmal.com","Role":"User","$type":"UnAssignUserRolesCommand"}
2024-11-27 20:02:13.754 +02:00 [INF] Executed DbCommand (1ms) [Parameters=[@__normalizedEmail_0='?'], CommandType='"Text"', CommandTimeout='30']
SELECT a."Id", a."AccessFailedCount", a."BirthDay", a."ConcurrencyStamp", a."Email", a."EmailConfirmed", a."LockoutEnabled", a."LockoutEnd", a."Nationality", a."NormalizedEmail", a."NormalizedUserName", a."PasswordHash", a."PhoneNumber", a."PhoneNumberConfirmed", a."SecurityStamp", a."TwoFactorEnabled", a."UserName"
FROM "AspNetUsers" AS a
WHERE a."NormalizedEmail" = @__normalizedEmail_0
LIMIT 2
2024-11-27 20:02:13.783 +02:00 [WRN] User with id = User@gmal.com doesn't exist
Restaurants.Domain.Exceptions.NotFoundException: User with id = User@gmal.com doesn't exist
   at Restaurants.Application.Users.Commands.UnAssignUserRoles.UnAssignUserRolesCommandHandle.Handle(UnAssignUserRolesCommand request, CancellationToken cancellationToken) in D:\C#\.net\NeverGiveUp\Restaurant\Restaurant.Application\Users\Commands\UnAssignUserRoles\UnAssignUserRolesCommandHandle.cs:line 18
   at MediatR.Wrappers.RequestHandlerWrapperImpl`1.<>c__DisplayClass1_0.<<Handle>g__Handler|0>d.MoveNext()
--- End of stack trace from previous location ---
   at Restaurants.API.Controllers.IdentityController.UnAssignUserRoles(UnAssignUserRolesCommand command) in D:\C#\.net\NeverGiveUp\Restaurant\Restaurants.API\Controllers\IdentityController.cs:line 35
   at Microsoft.AspNetCore.Mvc.Infrastructure.ActionMethodExecutor.TaskOfIActionResultExecutor.Execute(ActionContext actionContext, IActionResultTypeMapper mapper, ObjectMethodExecutor executor, Object controller, Object[] arguments)
   at Microsoft.AspNetCore.Mvc.Infrastructure.ControllerActionInvoker.<InvokeActionMethodAsync>g__Awaited|12_0(ControllerActionInvoker invoker, ValueTask`1 actionResultValueTask)
   at Microsoft.AspNetCore.Mvc.Infrastructure.ControllerActionInvoker.<InvokeNextActionFilterAsync>g__Awaited|10_0(ControllerActionInvoker invoker, Task lastTask, State next, Scope scope, Object state, Boolean isCompleted)
   at Microsoft.AspNetCore.Mvc.Infrastructure.ControllerActionInvoker.Rethrow(ActionExecutedContextSealed context)
   at Microsoft.AspNetCore.Mvc.Infrastructure.ControllerActionInvoker.Next(State& next, Scope& scope, Object& state, Boolean& isCompleted)
   at Microsoft.AspNetCore.Mvc.Infrastructure.ControllerActionInvoker.<InvokeInnerFilterAsync>g__Awaited|13_0(ControllerActionInvoker invoker, Task lastTask, State next, Scope scope, Object state, Boolean isCompleted)
   at Microsoft.AspNetCore.Mvc.Infrastructure.ResourceInvoker.<InvokeFilterPipelineAsync>g__Awaited|20_0(ResourceInvoker invoker, Task lastTask, State next, Scope scope, Object state, Boolean isCompleted)
   at Microsoft.AspNetCore.Mvc.Infrastructure.ResourceInvoker.<InvokeAsync>g__Awaited|17_0(ResourceInvoker invoker, Task task, IDisposable scope)
   at Microsoft.AspNetCore.Mvc.Infrastructure.ResourceInvoker.<InvokeAsync>g__Awaited|17_0(ResourceInvoker invoker, Task task, IDisposable scope)
   at Microsoft.AspNetCore.Authorization.AuthorizationMiddleware.Invoke(HttpContext context)
   at Microsoft.AspNetCore.Authentication.AuthenticationMiddleware.Invoke(HttpContext context)
   at Restaurants.API.Middlewares.RequestTimeHandlingMiddle.InvokeAsync(HttpContext context, RequestDelegate next) in D:\C#\.net\NeverGiveUp\Restaurant\Restaurants.API\Middlewares\RequestTimeHandlingMiddle.cs:line 12
   at Microsoft.AspNetCore.Builder.UseMiddlewareExtensions.InterfaceMiddlewareBinder.<>c__DisplayClass2_0.<<CreateMiddleware>b__0>d.MoveNext()
--- End of stack trace from previous location ---
   at Restaurants.API.Middlewares.ErrorHandlingMiddle.InvokeAsync(HttpContext context, RequestDelegate next) in D:\C#\.net\NeverGiveUp\Restaurant\Restaurants.API\Middlewares\ErrorHandlingMiddle.cs:line 12
2024-11-27 20:02:13.862 +02:00 [INF] HTTP DELETE /api/identity/unAssign responded 404 in 130.7302 ms
2024-11-27 20:02:23.056 +02:00 [INF] UnAssign user roles: {"Email":"User@gmail.com","Role":"User","$type":"UnAssignUserRolesCommand"}
2024-11-27 20:02:23.065 +02:00 [INF] Executed DbCommand (1ms) [Parameters=[@__normalizedEmail_0='?'], CommandType='"Text"', CommandTimeout='30']
SELECT a."Id", a."AccessFailedCount", a."BirthDay", a."ConcurrencyStamp", a."Email", a."EmailConfirmed", a."LockoutEnabled", a."LockoutEnd", a."Nationality", a."NormalizedEmail", a."NormalizedUserName", a."PasswordHash", a."PhoneNumber", a."PhoneNumberConfirmed", a."SecurityStamp", a."TwoFactorEnabled", a."UserName"
FROM "AspNetUsers" AS a
WHERE a."NormalizedEmail" = @__normalizedEmail_0
LIMIT 2
2024-11-27 20:02:23.072 +02:00 [INF] Executed DbCommand (1ms) [Parameters=[@__normalizedName_0='?'], CommandType='"Text"', CommandTimeout='30']
SELECT a."Id", a."ConcurrencyStamp", a."Name", a."NormalizedName"
FROM "AspNetRoles" AS a
WHERE a."NormalizedName" = @__normalizedName_0
LIMIT 1
2024-11-27 20:02:23.082 +02:00 [INF] Executed DbCommand (1ms) [Parameters=[@__normalizedRoleName_0='?'], CommandType='"Text"', CommandTimeout='30']
SELECT a."Id", a."ConcurrencyStamp", a."Name", a."NormalizedName"
FROM "AspNetRoles" AS a
WHERE a."NormalizedName" = @__normalizedRoleName_0
LIMIT 2
2024-11-27 20:02:23.089 +02:00 [INF] Executed DbCommand (1ms) [Parameters=[@__p_0='?', @__p_1='?'], CommandType='"Text"', CommandTimeout='30']
SELECT a."UserId", a."RoleId"
FROM "AspNetUserRoles" AS a
WHERE a."UserId" = @__p_0 AND a."RoleId" = @__p_1
LIMIT 1
2024-11-27 20:02:23.100 +02:00 [INF] HTTP DELETE /api/identity/unAssign responded 204 in 90.9506 ms
